[ 2017-05-29T16:57:40+08:00 ] ::1 ::1 GET /cms/admin.php/user/index.html
[ log ] localhost/cms/admin.php/user/index.html [运行时间：0.120895s][吞吐率：8.27req/s] [内存消耗：1,388.99kb] [文件加载：36]
[ info ] [ LANG ] /Users/mac/Documents/mamp/cms/thinkphp/lang/zh-cn.php
[ info ] [ BIND ] 'admin'
[ info ] [ ROUTE ] array (
  'type' => 'module',
  'module' => 
  array (
    0 => 'admin',
    1 => 'user',
    2 => 'index',
  ),
)
[ info ] [ HEADER ] array (
  'host' => 'localhost',
  'connection' => 'keep-alive',
  'upgrade-insecure-requests' => '1',
  'user-agent' => 'Mozilla/5.0 (Macintosh; Intel Mac OS X 10_12_2) AppleWebKit/537.36 (KHTML, like Gecko) Chrome/57.0.2987.133 Safari/537.36',
  'accept' => 'text/html,application/xhtml+xml,application/xml;q=0.9,image/webp,*/*;q=0.8',
  'referer' => 'http://localhost/cms/admin.php/guestbook/index.html',
  'accept-encoding' => 'gzip, deflate, sdch, br',
  'accept-language' => 'zh-CN,zh;q=0.8,en;q=0.6,ja;q=0.4',
  'cookie' => 'PHPSESSID=214773bd9de26e6ff350a469f60cc227',
)
[ info ] [ PARAM ] array (
)
[ info ] [ SESSION ] INIT array (
  'id' => '',
  'var_session_id' => '',
  'prefix' => 'think',
  'type' => '',
  'auto_start' => true,
)
[ info ] [ LOG ] INIT File

---------------------------------------------------------------
[ 2017-05-29T16:57:40+08:00 ] ::1 ::1 GET /cms/admin.php/login/index.html
[ log ] localhost/cms/admin.php/login/index.html [运行时间：0.031010s][吞吐率：32.25req/s] [内存消耗：1,296.81kb] [文件加载：34]
[ info ] [ LANG ] /Users/mac/Documents/mamp/cms/thinkphp/lang/zh-cn.php
[ info ] [ BIND ] 'admin'
[ info ] [ ROUTE ] array (
  'type' => 'module',
  'module' => 
  array (
    0 => 'admin',
    1 => 'login',
    2 => 'index',
  ),
)
[ info ] [ HEADER ] array (
  'host' => 'localhost',
  'connection' => 'keep-alive',
  'upgrade-insecure-requests' => '1',
  'user-agent' => 'Mozilla/5.0 (Macintosh; Intel Mac OS X 10_12_2) AppleWebKit/537.36 (KHTML, like Gecko) Chrome/57.0.2987.133 Safari/537.36',
  'accept' => 'text/html,application/xhtml+xml,application/xml;q=0.9,image/webp,*/*;q=0.8',
  'referer' => 'http://localhost/cms/admin.php/guestbook/index.html',
  'accept-encoding' => 'gzip, deflate, sdch, br',
  'accept-language' => 'zh-CN,zh;q=0.8,en;q=0.6,ja;q=0.4',
  'cookie' => 'PHPSESSID=214773bd9de26e6ff350a469f60cc227',
)
[ info ] [ PARAM ] array (
)
[ info ] [ RUN ] app\admin\controller\Login->index[ /Users/mac/Documents/mamp/cms/application/admin/controller/Login.php ]
[ info ] [ VIEW ] /Users/mac/Documents/mamp/cms/application/admin/view/login/login.html [ array (
) ]
[ info ] [ LOG ] INIT File

---------------------------------------------------------------
[ 2017-05-29T16:57:41+08:00 ] ::1 ::1 GET /cms/api.php/code/index.html
[ log ] localhost/cms/api.php/code/index.html [运行时间：0.096502s][吞吐率：10.36req/s] [内存消耗：1,283.61kb] [文件加载：32]
[ info ] [ LANG ] /Users/mac/Documents/mamp/cms/thinkphp/lang/zh-cn.php
[ info ] [ BIND ] 'api'
[ info ] [ ROUTE ] array (
  'type' => 'module',
  'module' => 
  array (
    0 => 'api',
    1 => 'code',
    2 => 'index',
  ),
)
[ info ] [ HEADER ] array (
  'host' => 'localhost',
  'connection' => 'keep-alive',
  'user-agent' => 'Mozilla/5.0 (Macintosh; Intel Mac OS X 10_12_2) AppleWebKit/537.36 (KHTML, like Gecko) Chrome/57.0.2987.133 Safari/537.36',
  'accept' => 'image/webp,image/*,*/*;q=0.8',
  'referer' => 'http://localhost/cms/admin.php/login/index.html',
  'accept-encoding' => 'gzip, deflate, sdch, br',
  'accept-language' => 'zh-CN,zh;q=0.8,en;q=0.6,ja;q=0.4',
  'cookie' => 'PHPSESSID=214773bd9de26e6ff350a469f60cc227',
)
[ info ] [ PARAM ] array (
)
[ info ] [ RUN ] app\api\controller\Code->index[ /Users/mac/Documents/mamp/cms/application/api/controller/Code.php ]
[ info ] [ SESSION ] INIT array (
  'id' => '',
  'var_session_id' => '',
  'prefix' => 'think',
  'type' => '',
  'auto_start' => true,
)
[ info ] [ LOG ] INIT File

---------------------------------------------------------------
[ 2017-05-29T16:57:53+08:00 ] ::1 ::1 POST /cms/admin.php/login/check.html
[ log ] localhost/cms/admin.php/login/check.html [运行时间：0.090663s][吞吐率：11.03req/s] [内存消耗：1,447.57kb] [文件加载：36]
[ info ] [ LANG ] /Users/mac/Documents/mamp/cms/thinkphp/lang/zh-cn.php
[ info ] [ BIND ] 'admin'
[ info ] [ ROUTE ] array (
  'type' => 'module',
  'module' => 
  array (
    0 => 'admin',
    1 => 'login',
    2 => 'check',
  ),
)
[ info ] [ HEADER ] array (
  'host' => 'localhost',
  'connection' => 'keep-alive',
  'content-length' => '30',
  'cache-control' => 'max-age=0',
  'origin' => 'http://localhost',
  'upgrade-insecure-requests' => '1',
  'user-agent' => 'Mozilla/5.0 (Macintosh; Intel Mac OS X 10_12_2) AppleWebKit/537.36 (KHTML, like Gecko) Chrome/57.0.2987.133 Safari/537.36',
  'content-type' => 'application/x-www-form-urlencoded',
  'accept' => 'text/html,application/xhtml+xml,application/xml;q=0.9,image/webp,*/*;q=0.8',
  'referer' => 'http://localhost/cms/admin.php/login/index.html',
  'accept-encoding' => 'gzip, deflate, br',
  'accept-language' => 'zh-CN,zh;q=0.8,en;q=0.6,ja;q=0.4',
  'cookie' => 'PHPSESSID=214773bd9de26e6ff350a469f60cc227',
)
[ info ] [ PARAM ] array (
  'username' => 'admin',
  'password' => '',
  'code' => '',
)
[ info ] [ RUN ] app\admin\controller\Login->check[ /Users/mac/Documents/mamp/cms/application/admin/controller/Login.php ]
[ info ] [ VIEW ] /Users/mac/Documents/mamp/cms/thinkphp/tpl/dispatch_jump.tpl [ array (
  0 => 'code',
  1 => 'msg',
  2 => 'data',
  3 => 'url',
  4 => 'wait',
) ]
[ info ] [ LOG ] INIT File

---------------------------------------------------------------
[ 2017-05-29T16:57:55+08:00 ] ::1 ::1 GET /cms/api.php/code/index.html
[ log ] localhost/cms/api.php/code/index.html [运行时间：0.100121s][吞吐率：9.99req/s] [内存消耗：1,283.61kb] [文件加载：32]
[ info ] [ LANG ] /Users/mac/Documents/mamp/cms/thinkphp/lang/zh-cn.php
[ info ] [ BIND ] 'api'
[ info ] [ ROUTE ] array (
  'type' => 'module',
  'module' => 
  array (
    0 => 'api',
    1 => 'code',
    2 => 'index',
  ),
)
[ info ] [ HEADER ] array (
  'host' => 'localhost',
  'connection' => 'keep-alive',
  'user-agent' => 'Mozilla/5.0 (Macintosh; Intel Mac OS X 10_12_2) AppleWebKit/537.36 (KHTML, like Gecko) Chrome/57.0.2987.133 Safari/537.36',
  'accept' => 'image/webp,image/*,*/*;q=0.8',
  'referer' => 'http://localhost/cms/admin.php/login/index.html',
  'accept-encoding' => 'gzip, deflate, sdch, br',
  'accept-language' => 'zh-CN,zh;q=0.8,en;q=0.6,ja;q=0.4',
  'cookie' => 'PHPSESSID=214773bd9de26e6ff350a469f60cc227',
)
[ info ] [ PARAM ] array (
)
[ info ] [ RUN ] app\api\controller\Code->index[ /Users/mac/Documents/mamp/cms/application/api/controller/Code.php ]
[ info ] [ SESSION ] INIT array (
  'id' => '',
  'var_session_id' => '',
  'prefix' => 'think',
  'type' => '',
  'auto_start' => true,
)
[ info ] [ LOG ] INIT File

---------------------------------------------------------------
[ 2017-05-29T16:58:11+08:00 ] ::1 ::1 POST /cms/admin.php/login/check.html
[ log ] localhost/cms/admin.php/login/check.html [运行时间：0.244250s][吞吐率：4.09req/s] [内存消耗：2,255.81kb] [文件加载：44]
[ info ] [ LANG ] /Users/mac/Documents/mamp/cms/thinkphp/lang/zh-cn.php
[ info ] [ BIND ] 'admin'
[ info ] [ ROUTE ] array (
  'type' => 'module',
  'module' => 
  array (
    0 => 'admin',
    1 => 'login',
    2 => 'check',
  ),
)
[ info ] [ HEADER ] array (
  'host' => 'localhost',
  'connection' => 'keep-alive',
  'content-length' => '39',
  'cache-control' => 'max-age=0',
  'origin' => 'http://localhost',
  'upgrade-insecure-requests' => '1',
  'user-agent' => 'Mozilla/5.0 (Macintosh; Intel Mac OS X 10_12_2) AppleWebKit/537.36 (KHTML, like Gecko) Chrome/57.0.2987.133 Safari/537.36',
  'content-type' => 'application/x-www-form-urlencoded',
  'accept' => 'text/html,application/xhtml+xml,application/xml;q=0.9,image/webp,*/*;q=0.8',
  'referer' => 'http://localhost/cms/admin.php/login/index.html',
  'accept-encoding' => 'gzip, deflate, br',
  'accept-language' => 'zh-CN,zh;q=0.8,en;q=0.6,ja;q=0.4',
  'cookie' => 'PHPSESSID=214773bd9de26e6ff350a469f60cc227',
)
[ info ] [ PARAM ] array (
  'username' => 'admin',
  'password' => 'admin',
  'code' => 'l6pk',
)
[ info ] [ RUN ] app\admin\controller\Login->check[ /Users/mac/Documents/mamp/cms/application/admin/controller/Login.php ]
[ info ] [ SESSION ] INIT array (
  'id' => '',
  'var_session_id' => '',
  'prefix' => 'think',
  'type' => '',
  'auto_start' => true,
)
[ info ] [ DB ] INIT mysql
[ info ] [ DB ] INIT mysql
[ info ] [ VIEW ] /Users/mac/Documents/mamp/cms/thinkphp/tpl/dispatch_jump.tpl [ array (
  0 => 'code',
  1 => 'msg',
  2 => 'data',
  3 => 'url',
  4 => 'wait',
) ]
[ info ] [ LOG ] INIT File

---------------------------------------------------------------
[ 2017-05-29T16:58:13+08:00 ] ::1 ::1 GET /cms/admin.php/index/index.html
[ log ] localhost/cms/admin.php/index/index.html [运行时间：0.077379s][吞吐率：12.92req/s] [内存消耗：2,043.06kb] [文件加载：41]
[ info ] [ LANG ] /Users/mac/Documents/mamp/cms/thinkphp/lang/zh-cn.php
[ info ] [ BIND ] 'admin'
[ info ] [ ROUTE ] array (
  'type' => 'module',
  'module' => 
  array (
    0 => 'admin',
    1 => 'index',
    2 => 'index',
  ),
)
[ info ] [ HEADER ] array (
  'host' => 'localhost',
  'connection' => 'keep-alive',
  'upgrade-insecure-requests' => '1',
  'user-agent' => 'Mozilla/5.0 (Macintosh; Intel Mac OS X 10_12_2) AppleWebKit/537.36 (KHTML, like Gecko) Chrome/57.0.2987.133 Safari/537.36',
  'accept' => 'text/html,application/xhtml+xml,application/xml;q=0.9,image/webp,*/*;q=0.8',
  'referer' => 'http://localhost/cms/admin.php/login/check.html',
  'accept-encoding' => 'gzip, deflate, sdch, br',
  'accept-language' => 'zh-CN,zh;q=0.8,en;q=0.6,ja;q=0.4',
  'cookie' => 'PHPSESSID=214773bd9de26e6ff350a469f60cc227',
)
[ info ] [ PARAM ] array (
)
[ info ] [ SESSION ] INIT array (
  'id' => '',
  'var_session_id' => '',
  'prefix' => 'think',
  'type' => '',
  'auto_start' => true,
)
[ info ] [ DB ] INIT mysql
[ info ] [ RUN ] app\admin\controller\Index->index[ /Users/mac/Documents/mamp/cms/application/admin/controller/Index.php ]
[ info ] [ DB ] INIT mysql
[ info ] [ VIEW ] /Users/mac/Documents/mamp/cms/application/admin/view/index/index.html [ array (
  0 => 'server_info',
) ]
[ info ] [ LOG ] INIT File

---------------------------------------------------------------
[ 2017-05-29T16:58:16+08:00 ] ::1 ::1 GET /cms/admin.php/user/index.html
[ log ] localhost/cms/admin.php/user/index.html [运行时间：0.111937s][吞吐率：8.93req/s] [内存消耗：2,281.03kb] [文件加载：44]
[ info ] [ LANG ] /Users/mac/Documents/mamp/cms/thinkphp/lang/zh-cn.php
[ info ] [ BIND ] 'admin'
[ info ] [ ROUTE ] array (
  'type' => 'module',
  'module' => 
  array (
    0 => 'admin',
    1 => 'user',
    2 => 'index',
  ),
)
[ info ] [ HEADER ] array (
  'host' => 'localhost',
  'connection' => 'keep-alive',
  'upgrade-insecure-requests' => '1',
  'user-agent' => 'Mozilla/5.0 (Macintosh; Intel Mac OS X 10_12_2) AppleWebKit/537.36 (KHTML, like Gecko) Chrome/57.0.2987.133 Safari/537.36',
  'accept' => 'text/html,application/xhtml+xml,application/xml;q=0.9,image/webp,*/*;q=0.8',
  'referer' => 'http://localhost/cms/admin.php/index/index.html',
  'accept-encoding' => 'gzip, deflate, sdch, br',
  'accept-language' => 'zh-CN,zh;q=0.8,en;q=0.6,ja;q=0.4',
  'cookie' => 'PHPSESSID=214773bd9de26e6ff350a469f60cc227',
)
[ info ] [ PARAM ] array (
)
[ info ] [ SESSION ] INIT array (
  'id' => '',
  'var_session_id' => '',
  'prefix' => 'think',
  'type' => '',
  'auto_start' => true,
)
[ info ] [ DB ] INIT mysql
[ info ] [ RUN ] app\admin\controller\User->index[ /Users/mac/Documents/mamp/cms/application/admin/controller/User.php ]
[ info ] [ DB ] INIT mysql
[ info ] [ VIEW ] /Users/mac/Documents/mamp/cms/application/admin/view/user/index.html [ array (
  0 => 'list',
  1 => 'islock',
  2 => 'page',
) ]
[ info ] [ DB ] INIT mysql
[ info ] [ LOG ] INIT File

---------------------------------------------------------------
[ 2017-05-29T17:09:46+08:00 ] ::1 ::1 GET /cms/admin.php/user/index.html
[ log ] localhost/cms/admin.php/user/index.html [运行时间：0.185984s][吞吐率：5.38req/s] [内存消耗：2,452.12kb] [文件加载：47]
[ info ] [ LANG ] /Users/mac/Documents/mamp/cms/thinkphp/lang/zh-cn.php
[ info ] [ BIND ] 'admin'
[ info ] [ ROUTE ] array (
  'type' => 'module',
  'module' => 
  array (
    0 => 'admin',
    1 => 'user',
    2 => 'index',
  ),
)
[ info ] [ HEADER ] array (
  'host' => 'localhost',
  'connection' => 'keep-alive',
  'cache-control' => 'max-age=0',
  'upgrade-insecure-requests' => '1',
  'user-agent' => 'Mozilla/5.0 (Macintosh; Intel Mac OS X 10_12_2) AppleWebKit/537.36 (KHTML, like Gecko) Chrome/57.0.2987.133 Safari/537.36',
  'accept' => 'text/html,application/xhtml+xml,application/xml;q=0.9,image/webp,*/*;q=0.8',
  'referer' => 'http://localhost/cms/admin.php/index/index.html',
  'accept-encoding' => 'gzip, deflate, sdch, br',
  'accept-language' => 'zh-CN,zh;q=0.8,en;q=0.6,ja;q=0.4',
  'cookie' => 'PHPSESSID=214773bd9de26e6ff350a469f60cc227',
)
[ info ] [ PARAM ] array (
)
[ info ] [ SESSION ] INIT array (
  'id' => '',
  'var_session_id' => '',
  'prefix' => 'think',
  'type' => '',
  'auto_start' => true,
)
[ info ] [ DB ] INIT mysql
[ info ] [ RUN ] app\admin\controller\User->index[ /Users/mac/Documents/mamp/cms/application/admin/controller/User.php ]
[ info ] [ DB ] INIT mysql
[ info ] [ VIEW ] /Users/mac/Documents/mamp/cms/application/admin/view/user/index.html [ array (
  0 => 'list',
  1 => 'islock',
  2 => 'page',
) ]
[ info ] [ DB ] INIT mysql
[ info ] [ LOG ] INIT File

---------------------------------------------------------------
[ 2017-05-29T17:10:41+08:00 ] ::1 ::1 GET /cms/admin.php/user/index.html
[ log ] localhost/cms/admin.php/user/index.html [运行时间：0.095940s][吞吐率：10.42req/s] [内存消耗：2,452.12kb] [文件加载：47]
[ info ] [ LANG ] /Users/mac/Documents/mamp/cms/thinkphp/lang/zh-cn.php
[ info ] [ BIND ] 'admin'
[ info ] [ ROUTE ] array (
  'type' => 'module',
  'module' => 
  array (
    0 => 'admin',
    1 => 'user',
    2 => 'index',
  ),
)
[ info ] [ HEADER ] array (
  'host' => 'localhost',
  'connection' => 'keep-alive',
  'cache-control' => 'max-age=0',
  'upgrade-insecure-requests' => '1',
  'user-agent' => 'Mozilla/5.0 (Macintosh; Intel Mac OS X 10_12_2) AppleWebKit/537.36 (KHTML, like Gecko) Chrome/57.0.2987.133 Safari/537.36',
  'accept' => 'text/html,application/xhtml+xml,application/xml;q=0.9,image/webp,*/*;q=0.8',
  'referer' => 'http://localhost/cms/admin.php/index/index.html',
  'accept-encoding' => 'gzip, deflate, sdch, br',
  'accept-language' => 'zh-CN,zh;q=0.8,en;q=0.6,ja;q=0.4',
  'cookie' => 'PHPSESSID=214773bd9de26e6ff350a469f60cc227',
)
[ info ] [ PARAM ] array (
)
[ info ] [ SESSION ] INIT array (
  'id' => '',
  'var_session_id' => '',
  'prefix' => 'think',
  'type' => '',
  'auto_start' => true,
)
[ info ] [ DB ] INIT mysql
[ info ] [ RUN ] app\admin\controller\User->index[ /Users/mac/Documents/mamp/cms/application/admin/controller/User.php ]
[ info ] [ DB ] INIT mysql
[ info ] [ VIEW ] /Users/mac/Documents/mamp/cms/application/admin/view/user/index.html [ array (
  0 => 'list',
  1 => 'islock',
  2 => 'page',
) ]
[ info ] [ DB ] INIT mysql
[ info ] [ LOG ] INIT File

---------------------------------------------------------------
[ 2017-05-29T17:16:06+08:00 ] ::1 ::1 GET /cms/admin.php/user/index.html
[ log ] localhost/cms/admin.php/user/index.html [运行时间：0.168871s][吞吐率：5.92req/s] [内存消耗：2,452.12kb] [文件加载：47]
[ info ] [ LANG ] /Users/mac/Documents/mamp/cms/thinkphp/lang/zh-cn.php
[ info ] [ BIND ] 'admin'
[ info ] [ ROUTE ] array (
  'type' => 'module',
  'module' => 
  array (
    0 => 'admin',
    1 => 'user',
    2 => 'index',
  ),
)
[ info ] [ HEADER ] array (
  'host' => 'localhost',
  'connection' => 'keep-alive',
  'cache-control' => 'max-age=0',
  'upgrade-insecure-requests' => '1',
  'user-agent' => 'Mozilla/5.0 (Macintosh; Intel Mac OS X 10_12_2) AppleWebKit/537.36 (KHTML, like Gecko) Chrome/57.0.2987.133 Safari/537.36',
  'accept' => 'text/html,application/xhtml+xml,application/xml;q=0.9,image/webp,*/*;q=0.8',
  'referer' => 'http://localhost/cms/admin.php/index/index.html',
  'accept-encoding' => 'gzip, deflate, sdch, br',
  'accept-language' => 'zh-CN,zh;q=0.8,en;q=0.6,ja;q=0.4',
  'cookie' => 'PHPSESSID=214773bd9de26e6ff350a469f60cc227',
)
[ info ] [ PARAM ] array (
)
[ info ] [ SESSION ] INIT array (
  'id' => '',
  'var_session_id' => '',
  'prefix' => 'think',
  'type' => '',
  'auto_start' => true,
)
[ info ] [ DB ] INIT mysql
[ info ] [ RUN ] app\admin\controller\User->index[ /Users/mac/Documents/mamp/cms/application/admin/controller/User.php ]
[ info ] [ DB ] INIT mysql
[ info ] [ VIEW ] /Users/mac/Documents/mamp/cms/application/admin/view/user/index.html [ array (
  0 => 'list',
  1 => 'islock',
  2 => 'page',
) ]
[ info ] [ DB ] INIT mysql
[ info ] [ LOG ] INIT File

---------------------------------------------------------------
[ 2017-05-29T17:16:42+08:00 ] ::1 ::1 GET /cms/admin.php/user/index.html
[ log ] localhost/cms/admin.php/user/index.html [运行时间：0.132243s][吞吐率：7.56req/s] [内存消耗：2,452.12kb] [文件加载：47]
[ info ] [ LANG ] /Users/mac/Documents/mamp/cms/thinkphp/lang/zh-cn.php
[ info ] [ BIND ] 'admin'
[ info ] [ ROUTE ] array (
  'type' => 'module',
  'module' => 
  array (
    0 => 'admin',
    1 => 'user',
    2 => 'index',
  ),
)
[ info ] [ HEADER ] array (
  'host' => 'localhost',
  'connection' => 'keep-alive',
  'cache-control' => 'max-age=0',
  'upgrade-insecure-requests' => '1',
  'user-agent' => 'Mozilla/5.0 (Macintosh; Intel Mac OS X 10_12_2) AppleWebKit/537.36 (KHTML, like Gecko) Chrome/57.0.2987.133 Safari/537.36',
  'accept' => 'text/html,application/xhtml+xml,application/xml;q=0.9,image/webp,*/*;q=0.8',
  'referer' => 'http://localhost/cms/admin.php/index/index.html',
  'accept-encoding' => 'gzip, deflate, sdch, br',
  'accept-language' => 'zh-CN,zh;q=0.8,en;q=0.6,ja;q=0.4',
  'cookie' => 'PHPSESSID=214773bd9de26e6ff350a469f60cc227',
)
[ info ] [ PARAM ] array (
)
[ info ] [ SESSION ] INIT array (
  'id' => '',
  'var_session_id' => '',
  'prefix' => 'think',
  'type' => '',
  'auto_start' => true,
)
[ info ] [ DB ] INIT mysql
[ info ] [ RUN ] app\admin\controller\User->index[ /Users/mac/Documents/mamp/cms/application/admin/controller/User.php ]
[ info ] [ DB ] INIT mysql
[ info ] [ VIEW ] /Users/mac/Documents/mamp/cms/application/admin/view/user/index.html [ array (
  0 => 'list',
  1 => 'islock',
  2 => 'page',
) ]
[ info ] [ DB ] INIT mysql
[ info ] [ LOG ] INIT File

---------------------------------------------------------------
[ 2017-05-29T17:21:42+08:00 ] ::1 ::1 GET /cms/admin.php/user/index.html
[ log ] localhost/cms/admin.php/user/index.html [运行时间：0.142133s][吞吐率：7.04req/s] [内存消耗：2,508.51kb] [文件加载：47]
[ info ] [ LANG ] /Users/mac/Documents/mamp/cms/thinkphp/lang/zh-cn.php
[ info ] [ BIND ] 'admin'
[ info ] [ ROUTE ] array (
  'type' => 'module',
  'module' => 
  array (
    0 => 'admin',
    1 => 'user',
    2 => 'index',
  ),
)
[ info ] [ HEADER ] array (
  'host' => 'localhost',
  'connection' => 'keep-alive',
  'cache-control' => 'max-age=0',
  'upgrade-insecure-requests' => '1',
  'user-agent' => 'Mozilla/5.0 (Macintosh; Intel Mac OS X 10_12_2) AppleWebKit/537.36 (KHTML, like Gecko) Chrome/57.0.2987.133 Safari/537.36',
  'accept' => 'text/html,application/xhtml+xml,application/xml;q=0.9,image/webp,*/*;q=0.8',
  'referer' => 'http://localhost/cms/admin.php/index/index.html',
  'accept-encoding' => 'gzip, deflate, sdch, br',
  'accept-language' => 'zh-CN,zh;q=0.8,en;q=0.6,ja;q=0.4',
  'cookie' => 'PHPSESSID=214773bd9de26e6ff350a469f60cc227',
)
[ info ] [ PARAM ] array (
)
[ info ] [ SESSION ] INIT array (
  'id' => '',
  'var_session_id' => '',
  'prefix' => 'think',
  'type' => '',
  'auto_start' => true,
)
[ info ] [ DB ] INIT mysql
[ info ] [ RUN ] app\admin\controller\User->index[ /Users/mac/Documents/mamp/cms/application/admin/controller/User.php ]
[ info ] [ DB ] INIT mysql
[ info ] [ VIEW ] /Users/mac/Documents/mamp/cms/application/admin/view/user/index.html [ array (
  0 => 'list',
  1 => 'islock',
  2 => 'page',
) ]
[ info ] [ DB ] INIT mysql
[ info ] [ DB ] INIT mysql
[ info ] [ LOG ] INIT File

---------------------------------------------------------------
[ 2017-05-29T17:24:43+08:00 ] ::1 ::1 GET /cms/admin.php/user/index.html
[ log ] localhost/cms/admin.php/user/index.html [运行时间：0.094314s][吞吐率：10.60req/s] [内存消耗：2,452.20kb] [文件加载：47]
[ info ] [ LANG ] /Users/mac/Documents/mamp/cms/thinkphp/lang/zh-cn.php
[ info ] [ BIND ] 'admin'
[ info ] [ ROUTE ] array (
  'type' => 'module',
  'module' => 
  array (
    0 => 'admin',
    1 => 'user',
    2 => 'index',
  ),
)
[ info ] [ HEADER ] array (
  'host' => 'localhost',
  'connection' => 'keep-alive',
  'cache-control' => 'max-age=0',
  'upgrade-insecure-requests' => '1',
  'user-agent' => 'Mozilla/5.0 (Macintosh; Intel Mac OS X 10_12_2) AppleWebKit/537.36 (KHTML, like Gecko) Chrome/57.0.2987.133 Safari/537.36',
  'accept' => 'text/html,application/xhtml+xml,application/xml;q=0.9,image/webp,*/*;q=0.8',
  'referer' => 'http://localhost/cms/admin.php/index/index.html',
  'accept-encoding' => 'gzip, deflate, sdch, br',
  'accept-language' => 'zh-CN,zh;q=0.8,en;q=0.6,ja;q=0.4',
  'cookie' => 'PHPSESSID=214773bd9de26e6ff350a469f60cc227',
)
[ info ] [ PARAM ] array (
)
[ info ] [ SESSION ] INIT array (
  'id' => '',
  'var_session_id' => '',
  'prefix' => 'think',
  'type' => '',
  'auto_start' => true,
)
[ info ] [ DB ] INIT mysql
[ info ] [ RUN ] app\admin\controller\User->index[ /Users/mac/Documents/mamp/cms/application/admin/controller/User.php ]
[ info ] [ DB ] INIT mysql
[ info ] [ VIEW ] /Users/mac/Documents/mamp/cms/application/admin/view/user/index.html [ array (
  0 => 'list',
  1 => 'islock',
  2 => 'page',
) ]
[ info ] [ DB ] INIT mysql
[ info ] [ LOG ] INIT File

---------------------------------------------------------------
[ 2017-05-29T17:26:28+08:00 ] ::1 ::1 GET /cms/admin.php/user/index.html
[ log ] localhost/cms/admin.php/user/index.html [运行时间：0.089178s][吞吐率：11.21req/s] [内存消耗：2,452.27kb] [文件加载：47]
[ info ] [ LANG ] /Users/mac/Documents/mamp/cms/thinkphp/lang/zh-cn.php
[ info ] [ BIND ] 'admin'
[ info ] [ ROUTE ] array (
  'type' => 'module',
  'module' => 
  array (
    0 => 'admin',
    1 => 'user',
    2 => 'index',
  ),
)
[ info ] [ HEADER ] array (
  'host' => 'localhost',
  'connection' => 'keep-alive',
  'cache-control' => 'max-age=0',
  'upgrade-insecure-requests' => '1',
  'user-agent' => 'Mozilla/5.0 (Macintosh; Intel Mac OS X 10_12_2) AppleWebKit/537.36 (KHTML, like Gecko) Chrome/57.0.2987.133 Safari/537.36',
  'accept' => 'text/html,application/xhtml+xml,application/xml;q=0.9,image/webp,*/*;q=0.8',
  'referer' => 'http://localhost/cms/admin.php/index/index.html',
  'accept-encoding' => 'gzip, deflate, sdch, br',
  'accept-language' => 'zh-CN,zh;q=0.8,en;q=0.6,ja;q=0.4',
  'cookie' => 'PHPSESSID=214773bd9de26e6ff350a469f60cc227',
)
[ info ] [ PARAM ] array (
)
[ info ] [ SESSION ] INIT array (
  'id' => '',
  'var_session_id' => '',
  'prefix' => 'think',
  'type' => '',
  'auto_start' => true,
)
[ info ] [ DB ] INIT mysql
[ info ] [ RUN ] app\admin\controller\User->index[ /Users/mac/Documents/mamp/cms/application/admin/controller/User.php ]
[ info ] [ DB ] INIT mysql
[ info ] [ VIEW ] /Users/mac/Documents/mamp/cms/application/admin/view/user/index.html [ array (
  0 => 'list',
  1 => 'islock',
  2 => 'page',
) ]
[ info ] [ DB ] INIT mysql
[ info ] [ LOG ] INIT File

---------------------------------------------------------------
[ 2017-05-29T17:27:00+08:00 ] ::1 ::1 GET /cms/admin.php/user/index.html
[ log ] localhost/cms/admin.php/user/index.html [运行时间：0.121388s][吞吐率：8.24req/s] [内存消耗：2,452.27kb] [文件加载：47]
[ info ] [ LANG ] /Users/mac/Documents/mamp/cms/thinkphp/lang/zh-cn.php
[ info ] [ BIND ] 'admin'
[ info ] [ ROUTE ] array (
  'type' => 'module',
  'module' => 
  array (
    0 => 'admin',
    1 => 'user',
    2 => 'index',
  ),
)
[ info ] [ HEADER ] array (
  'host' => 'localhost',
  'connection' => 'keep-alive',
  'cache-control' => 'max-age=0',
  'upgrade-insecure-requests' => '1',
  'user-agent' => 'Mozilla/5.0 (Macintosh; Intel Mac OS X 10_12_2) AppleWebKit/537.36 (KHTML, like Gecko) Chrome/57.0.2987.133 Safari/537.36',
  'accept' => 'text/html,application/xhtml+xml,application/xml;q=0.9,image/webp,*/*;q=0.8',
  'referer' => 'http://localhost/cms/admin.php/index/index.html',
  'accept-encoding' => 'gzip, deflate, sdch, br',
  'accept-language' => 'zh-CN,zh;q=0.8,en;q=0.6,ja;q=0.4',
  'cookie' => 'PHPSESSID=214773bd9de26e6ff350a469f60cc227',
)
[ info ] [ PARAM ] array (
)
[ info ] [ SESSION ] INIT array (
  'id' => '',
  'var_session_id' => '',
  'prefix' => 'think',
  'type' => '',
  'auto_start' => true,
)
[ info ] [ DB ] INIT mysql
[ info ] [ RUN ] app\admin\controller\User->index[ /Users/mac/Documents/mamp/cms/application/admin/controller/User.php ]
[ info ] [ DB ] INIT mysql
[ info ] [ VIEW ] /Users/mac/Documents/mamp/cms/application/admin/view/user/index.html [ array (
  0 => 'list',
  1 => 'islock',
  2 => 'page',
) ]
[ info ] [ DB ] INIT mysql
[ info ] [ LOG ] INIT File

---------------------------------------------------------------
[ 2017-05-29T17:27:18+08:00 ] ::1 ::1 GET /cms/admin.php/user/index.html
[ log ] localhost/cms/admin.php/user/index.html [运行时间：0.101095s][吞吐率：9.89req/s] [内存消耗：2,452.27kb] [文件加载：47]
[ info ] [ LANG ] /Users/mac/Documents/mamp/cms/thinkphp/lang/zh-cn.php
[ info ] [ BIND ] 'admin'
[ info ] [ ROUTE ] array (
  'type' => 'module',
  'module' => 
  array (
    0 => 'admin',
    1 => 'user',
    2 => 'index',
  ),
)
[ info ] [ HEADER ] array (
  'host' => 'localhost',
  'connection' => 'keep-alive',
  'cache-control' => 'max-age=0',
  'upgrade-insecure-requests' => '1',
  'user-agent' => 'Mozilla/5.0 (Macintosh; Intel Mac OS X 10_12_2) AppleWebKit/537.36 (KHTML, like Gecko) Chrome/57.0.2987.133 Safari/537.36',
  'accept' => 'text/html,application/xhtml+xml,application/xml;q=0.9,image/webp,*/*;q=0.8',
  'referer' => 'http://localhost/cms/admin.php/index/index.html',
  'accept-encoding' => 'gzip, deflate, sdch, br',
  'accept-language' => 'zh-CN,zh;q=0.8,en;q=0.6,ja;q=0.4',
  'cookie' => 'PHPSESSID=214773bd9de26e6ff350a469f60cc227',
)
[ info ] [ PARAM ] array (
)
[ info ] [ SESSION ] INIT array (
  'id' => '',
  'var_session_id' => '',
  'prefix' => 'think',
  'type' => '',
  'auto_start' => true,
)
[ info ] [ DB ] INIT mysql
[ info ] [ RUN ] app\admin\controller\User->index[ /Users/mac/Documents/mamp/cms/application/admin/controller/User.php ]
[ info ] [ DB ] INIT mysql
[ info ] [ VIEW ] /Users/mac/Documents/mamp/cms/application/admin/view/user/index.html [ array (
  0 => 'list',
  1 => 'islock',
  2 => 'page',
) ]
[ info ] [ DB ] INIT mysql
[ info ] [ LOG ] INIT File

---------------------------------------------------------------
[ 2017-05-29T17:28:50+08:00 ] ::1 ::1 GET /cms/admin.php/user/index.html
[ log ] localhost/cms/admin.php/user/index.html [运行时间：0.101638s][吞吐率：9.84req/s] [内存消耗：2,452.35kb] [文件加载：47]
[ info ] [ LANG ] /Users/mac/Documents/mamp/cms/thinkphp/lang/zh-cn.php
[ info ] [ BIND ] 'admin'
[ info ] [ ROUTE ] array (
  'type' => 'module',
  'module' => 
  array (
    0 => 'admin',
    1 => 'user',
    2 => 'index',
  ),
)
[ info ] [ HEADER ] array (
  'host' => 'localhost',
  'connection' => 'keep-alive',
  'cache-control' => 'max-age=0',
  'upgrade-insecure-requests' => '1',
  'user-agent' => 'Mozilla/5.0 (Macintosh; Intel Mac OS X 10_12_2) AppleWebKit/537.36 (KHTML, like Gecko) Chrome/57.0.2987.133 Safari/537.36',
  'accept' => 'text/html,application/xhtml+xml,application/xml;q=0.9,image/webp,*/*;q=0.8',
  'referer' => 'http://localhost/cms/admin.php/index/index.html',
  'accept-encoding' => 'gzip, deflate, sdch, br',
  'accept-language' => 'zh-CN,zh;q=0.8,en;q=0.6,ja;q=0.4',
  'cookie' => 'PHPSESSID=214773bd9de26e6ff350a469f60cc227',
)
[ info ] [ PARAM ] array (
)
[ info ] [ SESSION ] INIT array (
  'id' => '',
  'var_session_id' => '',
  'prefix' => 'think',
  'type' => '',
  'auto_start' => true,
)
[ info ] [ DB ] INIT mysql
[ info ] [ RUN ] app\admin\controller\User->index[ /Users/mac/Documents/mamp/cms/application/admin/controller/User.php ]
[ info ] [ DB ] INIT mysql
[ info ] [ VIEW ] /Users/mac/Documents/mamp/cms/application/admin/view/user/index.html [ array (
  0 => 'list',
  1 => 'islock',
  2 => 'page',
) ]
[ info ] [ DB ] INIT mysql
[ info ] [ LOG ] INIT File

---------------------------------------------------------------
[ 2017-05-29T17:52:34+08:00 ] ::1 ::1 GET /cms/admin.php/flink/index.html
[ log ] localhost/cms/admin.php/flink/index.html [运行时间：0.128078s][吞吐率：7.81req/s] [内存消耗：2,197.24kb] [文件加载：44]
[ info ] [ LANG ] /Users/mac/Documents/mamp/cms/thinkphp/lang/zh-cn.php
[ info ] [ BIND ] 'admin'
[ info ] [ ROUTE ] array (
  'type' => 'module',
  'module' => 
  array (
    0 => 'admin',
    1 => 'flink',
    2 => 'index',
  ),
)
[ info ] [ HEADER ] array (
  'host' => 'localhost',
  'connection' => 'keep-alive',
  'upgrade-insecure-requests' => '1',
  'user-agent' => 'Mozilla/5.0 (Macintosh; Intel Mac OS X 10_12_2) AppleWebKit/537.36 (KHTML, like Gecko) Chrome/57.0.2987.133 Safari/537.36',
  'accept' => 'text/html,application/xhtml+xml,application/xml;q=0.9,image/webp,*/*;q=0.8',
  'referer' => 'http://localhost/cms/admin.php/user/index.html',
  'accept-encoding' => 'gzip, deflate, sdch, br',
  'accept-language' => 'zh-CN,zh;q=0.8,en;q=0.6,ja;q=0.4',
  'cookie' => 'PHPSESSID=214773bd9de26e6ff350a469f60cc227',
)
[ info ] [ PARAM ] array (
)
[ info ] [ SESSION ] INIT array (
  'id' => '',
  'var_session_id' => '',
  'prefix' => 'think',
  'type' => '',
  'auto_start' => true,
)
[ info ] [ DB ] INIT mysql
[ info ] [ RUN ] app\admin\controller\Flink->index[ /Users/mac/Documents/mamp/cms/application/admin/controller/Flink.php ]
[ info ] [ DB ] INIT mysql
[ info ] [ VIEW ] /Users/mac/Documents/mamp/cms/application/admin/view/flink/index.html [ array (
  0 => 'flink_list',
  1 => 'page',
) ]
[ info ] [ LOG ] INIT File

---------------------------------------------------------------
[ 2017-05-29T17:53:50+08:00 ] ::1 ::1 GET /cms/admin.php/flink/index.html
[ log ] localhost/cms/admin.php/flink/index.html [运行时间：0.111975s][吞吐率：8.93req/s] [内存消耗：2,359.67kb] [文件加载：47]
[ info ] [ LANG ] /Users/mac/Documents/mamp/cms/thinkphp/lang/zh-cn.php
[ info ] [ BIND ] 'admin'
[ info ] [ ROUTE ] array (
  'type' => 'module',
  'module' => 
  array (
    0 => 'admin',
    1 => 'flink',
    2 => 'index',
  ),
)
[ info ] [ HEADER ] array (
  'host' => 'localhost',
  'connection' => 'keep-alive',
  'cache-control' => 'max-age=0',
  'upgrade-insecure-requests' => '1',
  'user-agent' => 'Mozilla/5.0 (Macintosh; Intel Mac OS X 10_12_2) AppleWebKit/537.36 (KHTML, like Gecko) Chrome/57.0.2987.133 Safari/537.36',
  'accept' => 'text/html,application/xhtml+xml,application/xml;q=0.9,image/webp,*/*;q=0.8',
  'referer' => 'http://localhost/cms/admin.php/user/index.html',
  'accept-encoding' => 'gzip, deflate, sdch, br',
  'accept-language' => 'zh-CN,zh;q=0.8,en;q=0.6,ja;q=0.4',
  'cookie' => 'PHPSESSID=214773bd9de26e6ff350a469f60cc227',
)
[ info ] [ PARAM ] array (
)
[ info ] [ SESSION ] INIT array (
  'id' => '',
  'var_session_id' => '',
  'prefix' => 'think',
  'type' => '',
  'auto_start' => true,
)
[ info ] [ DB ] INIT mysql
[ info ] [ RUN ] app\admin\controller\Flink->index[ /Users/mac/Documents/mamp/cms/application/admin/controller/Flink.php ]
[ info ] [ DB ] INIT mysql
[ info ] [ VIEW ] /Users/mac/Documents/mamp/cms/application/admin/view/flink/index.html [ array (
  0 => 'flink_list',
  1 => 'page',
) ]
[ info ] [ LOG ] INIT File

---------------------------------------------------------------
[ 2017-05-29T17:54:07+08:00 ] ::1 ::1 GET /cms/admin.php/article/index.html
[ log ] localhost/cms/admin.php/article/index.html [运行时间：0.266909s][吞吐率：3.75req/s] [内存消耗：4,363.15kb] [文件加载：46]
[ info ] [ LANG ] /Users/mac/Documents/mamp/cms/thinkphp/lang/zh-cn.php
[ info ] [ BIND ] 'admin'
[ info ] [ ROUTE ] array (
  'type' => 'module',
  'module' => 
  array (
    0 => 'admin',
    1 => 'article',
    2 => 'index',
  ),
)
[ info ] [ HEADER ] array (
  'host' => 'localhost',
  'connection' => 'keep-alive',
  'upgrade-insecure-requests' => '1',
  'user-agent' => 'Mozilla/5.0 (Macintosh; Intel Mac OS X 10_12_2) AppleWebKit/537.36 (KHTML, like Gecko) Chrome/57.0.2987.133 Safari/537.36',
  'accept' => 'text/html,application/xhtml+xml,application/xml;q=0.9,image/webp,*/*;q=0.8',
  'referer' => 'http://localhost/cms/admin.php/flink/index.html',
  'accept-encoding' => 'gzip, deflate, sdch, br',
  'accept-language' => 'zh-CN,zh;q=0.8,en;q=0.6,ja;q=0.4',
  'cookie' => 'PHPSESSID=214773bd9de26e6ff350a469f60cc227',
)
[ info ] [ PARAM ] array (
)
[ info ] [ SESSION ] INIT array (
  'id' => '',
  'var_session_id' => '',
  'prefix' => 'think',
  'type' => '',
  'auto_start' => true,
)
[ info ] [ DB ] INIT mysql
[ info ] [ RUN ] app\admin\controller\Article->index[ /Users/mac/Documents/mamp/cms/application/admin/controller/Article.php ]
[ info ] [ DB ] INIT mysql
[ info ] [ DB ] INIT mysql
[ info ] [ VIEW ] /Users/mac/Documents/mamp/cms/application/admin/view/article/index.html [ array (
  0 => 'q',
  1 => 'username',
  2 => 'catid',
  3 => 'article_list',
  4 => 'cate_list',
  5 => 'page',
) ]
[ info ] [ DB ] INIT mysql
[ info ] [ DB ] INIT mysql
[ info ] [ DB ] INIT mysql
[ info ] [ DB ] INIT mysql
[ info ] [ DB ] INIT mysql
[ info ] [ DB ] INIT mysql
[ info ] [ DB ] INIT mysql
[ info ] [ DB ] INIT mysql
[ info ] [ DB ] INIT mysql
[ info ] [ DB ] INIT mysql
[ info ] [ DB ] INIT mysql
[ info ] [ DB ] INIT mysql
[ info ] [ DB ] INIT mysql
[ info ] [ DB ] INIT mysql
[ info ] [ DB ] INIT mysql
[ info ] [ DB ] INIT mysql
[ info ] [ DB ] INIT mysql
[ info ] [ DB ] INIT mysql
[ info ] [ DB ] INIT mysql
[ info ] [ DB ] INIT mysql
[ info ] [ DB ] INIT mysql
[ info ] [ DB ] INIT mysql
[ info ] [ DB ] INIT mysql
[ info ] [ DB ] INIT mysql
[ info ] [ DB ] INIT mysql
[ info ] [ DB ] INIT mysql
[ info ] [ DB ] INIT mysql
[ info ] [ DB ] INIT mysql
[ info ] [ DB ] INIT mysql
[ info ] [ DB ] INIT mysql
[ info ] [ DB ] INIT mysql
[ info ] [ DB ] INIT mysql
[ info ] [ LOG ] INIT File

---------------------------------------------------------------
[ 2017-05-29T17:54:14+08:00 ] ::1 ::1 GET /cms/admin.php/category/index.html
[ log ] localhost/cms/admin.php/category/index.html [运行时间：0.094475s][吞吐率：10.58req/s] [内存消耗：2,470.30kb] [文件加载：43]
[ info ] [ LANG ] /Users/mac/Documents/mamp/cms/thinkphp/lang/zh-cn.php
[ info ] [ BIND ] 'admin'
[ info ] [ ROUTE ] array (
  'type' => 'module',
  'module' => 
  array (
    0 => 'admin',
    1 => 'category',
    2 => 'index',
  ),
)
[ info ] [ HEADER ] array (
  'host' => 'localhost',
  'connection' => 'keep-alive',
  'upgrade-insecure-requests' => '1',
  'user-agent' => 'Mozilla/5.0 (Macintosh; Intel Mac OS X 10_12_2) AppleWebKit/537.36 (KHTML, like Gecko) Chrome/57.0.2987.133 Safari/537.36',
  'accept' => 'text/html,application/xhtml+xml,application/xml;q=0.9,image/webp,*/*;q=0.8',
  'referer' => 'http://localhost/cms/admin.php/article/index.html',
  'accept-encoding' => 'gzip, deflate, sdch, br',
  'accept-language' => 'zh-CN,zh;q=0.8,en;q=0.6,ja;q=0.4',
  'cookie' => 'PHPSESSID=214773bd9de26e6ff350a469f60cc227',
)
[ info ] [ PARAM ] array (
)
[ info ] [ SESSION ] INIT array (
  'id' => '',
  'var_session_id' => '',
  'prefix' => 'think',
  'type' => '',
  'auto_start' => true,
)
[ info ] [ DB ] INIT mysql
[ info ] [ RUN ] app\admin\controller\Category->index[ /Users/mac/Documents/mamp/cms/application/admin/controller/Category.php ]
[ info ] [ DB ] INIT mysql
[ info ] [ DB ] INIT mysql
[ info ] [ DB ] INIT mysql
[ info ] [ VIEW ] /Users/mac/Documents/mamp/cms/application/admin/view/category/index.html [ array (
  0 => 'list',
) ]
[ info ] [ LOG ] INIT File

---------------------------------------------------------------
[ 2017-05-29T17:54:20+08:00 ] ::1 ::1 GET /cms/admin.php/tag/index.html
[ log ] localhost/cms/admin.php/tag/index.html [运行时间：0.082521s][吞吐率：12.12req/s] [内存消耗：2,212.72kb] [文件加载：44]
[ info ] [ LANG ] /Users/mac/Documents/mamp/cms/thinkphp/lang/zh-cn.php
[ info ] [ BIND ] 'admin'
[ info ] [ ROUTE ] array (
  'type' => 'module',
  'module' => 
  array (
    0 => 'admin',
    1 => 'tag',
    2 => 'index',
  ),
)
[ info ] [ HEADER ] array (
  'host' => 'localhost',
  'connection' => 'keep-alive',
  'upgrade-insecure-requests' => '1',
  'user-agent' => 'Mozilla/5.0 (Macintosh; Intel Mac OS X 10_12_2) AppleWebKit/537.36 (KHTML, like Gecko) Chrome/57.0.2987.133 Safari/537.36',
  'accept' => 'text/html,application/xhtml+xml,application/xml;q=0.9,image/webp,*/*;q=0.8',
  'referer' => 'http://localhost/cms/admin.php/category/index.html',
  'accept-encoding' => 'gzip, deflate, sdch, br',
  'accept-language' => 'zh-CN,zh;q=0.8,en;q=0.6,ja;q=0.4',
  'cookie' => 'PHPSESSID=214773bd9de26e6ff350a469f60cc227',
)
[ info ] [ PARAM ] array (
)
[ info ] [ SESSION ] INIT array (
  'id' => '',
  'var_session_id' => '',
  'prefix' => 'think',
  'type' => '',
  'auto_start' => true,
)
[ info ] [ DB ] INIT mysql
[ info ] [ RUN ] app\admin\controller\Tag->index[ /Users/mac/Documents/mamp/cms/application/admin/controller/Tag.php ]
[ info ] [ DB ] INIT mysql
[ info ] [ DB ] INIT mysql
[ info ] [ VIEW ] /Users/mac/Documents/mamp/cms/application/admin/view/tag/index.html [ array (
  0 => 'tag_list',
  1 => 'page',
) ]
[ info ] [ LOG ] INIT File

---------------------------------------------------------------
[ 2017-05-29T17:54:22+08:00 ] ::1 ::1 GET /cms/admin.php/guestbook/index.html
[ log ] localhost/cms/admin.php/guestbook/index.html [运行时间：0.063734s][吞吐率：15.69req/s] [内存消耗：2,201.21kb] [文件加载：44]
[ info ] [ LANG ] /Users/mac/Documents/mamp/cms/thinkphp/lang/zh-cn.php
[ info ] [ BIND ] 'admin'
[ info ] [ ROUTE ] array (
  'type' => 'module',
  'module' => 
  array (
    0 => 'admin',
    1 => 'guestbook',
    2 => 'index',
  ),
)
[ info ] [ HEADER ] array (
  'host' => 'localhost',
  'connection' => 'keep-alive',
  'upgrade-insecure-requests' => '1',
  'user-agent' => 'Mozilla/5.0 (Macintosh; Intel Mac OS X 10_12_2) AppleWebKit/537.36 (KHTML, like Gecko) Chrome/57.0.2987.133 Safari/537.36',
  'accept' => 'text/html,application/xhtml+xml,application/xml;q=0.9,image/webp,*/*;q=0.8',
  'referer' => 'http://localhost/cms/admin.php/tag/index.html',
  'accept-encoding' => 'gzip, deflate, sdch, br',
  'accept-language' => 'zh-CN,zh;q=0.8,en;q=0.6,ja;q=0.4',
  'cookie' => 'PHPSESSID=214773bd9de26e6ff350a469f60cc227',
)
[ info ] [ PARAM ] array (
)
[ info ] [ SESSION ] INIT array (
  'id' => '',
  'var_session_id' => '',
  'prefix' => 'think',
  'type' => '',
  'auto_start' => true,
)
[ info ] [ DB ] INIT mysql
[ info ] [ RUN ] app\admin\controller\Guestbook->index[ /Users/mac/Documents/mamp/cms/application/admin/controller/Guestbook.php ]
[ info ] [ DB ] INIT mysql
[ info ] [ VIEW ] /Users/mac/Documents/mamp/cms/application/admin/view/guestbook/index.html [ array (
  0 => 'title',
  1 => 'guestbook_list',
  2 => 'page',
) ]
[ info ] [ LOG ] INIT File

---------------------------------------------------------------
[ 2017-05-29T17:54:29+08:00 ] ::1 ::1 GET /cms/admin.php/flink/index.html
[ log ] localhost/cms/admin.php/flink/index.html [运行时间：0.076500s][吞吐率：13.07req/s] [内存消耗：2,197.24kb] [文件加载：44]
[ info ] [ LANG ] /Users/mac/Documents/mamp/cms/thinkphp/lang/zh-cn.php
[ info ] [ BIND ] 'admin'
[ info ] [ ROUTE ] array (
  'type' => 'module',
  'module' => 
  array (
    0 => 'admin',
    1 => 'flink',
    2 => 'index',
  ),
)
[ info ] [ HEADER ] array (
  'host' => 'localhost',
  'connection' => 'keep-alive',
  'upgrade-insecure-requests' => '1',
  'user-agent' => 'Mozilla/5.0 (Macintosh; Intel Mac OS X 10_12_2) AppleWebKit/537.36 (KHTML, like Gecko) Chrome/57.0.2987.133 Safari/537.36',
  'accept' => 'text/html,application/xhtml+xml,application/xml;q=0.9,image/webp,*/*;q=0.8',
  'referer' => 'http://localhost/cms/admin.php/guestbook/index.html',
  'accept-encoding' => 'gzip, deflate, sdch, br',
  'accept-language' => 'zh-CN,zh;q=0.8,en;q=0.6,ja;q=0.4',
  'cookie' => 'PHPSESSID=214773bd9de26e6ff350a469f60cc227',
)
[ info ] [ PARAM ] array (
)
[ info ] [ SESSION ] INIT array (
  'id' => '',
  'var_session_id' => '',
  'prefix' => 'think',
  'type' => '',
  'auto_start' => true,
)
[ info ] [ DB ] INIT mysql
[ info ] [ RUN ] app\admin\controller\Flink->index[ /Users/mac/Documents/mamp/cms/application/admin/controller/Flink.php ]
[ info ] [ DB ] INIT mysql
[ info ] [ VIEW ] /Users/mac/Documents/mamp/cms/application/admin/view/flink/index.html [ array (
  0 => 'flink_list',
  1 => 'page',
) ]
[ info ] [ LOG ] INIT File

---------------------------------------------------------------
[ 2017-05-29T17:54:41+08:00 ] ::1 ::1 GET /cms/admin.php/flink/index.html
[ log ] localhost/cms/admin.php/flink/index.html [运行时间：0.080027s][吞吐率：12.50req/s] [内存消耗：2,197.24kb] [文件加载：44]
[ info ] [ LANG ] /Users/mac/Documents/mamp/cms/thinkphp/lang/zh-cn.php
[ info ] [ BIND ] 'admin'
[ info ] [ ROUTE ] array (
  'type' => 'module',
  'module' => 
  array (
    0 => 'admin',
    1 => 'flink',
    2 => 'index',
  ),
)
[ info ] [ HEADER ] array (
  'host' => 'localhost',
  'connection' => 'keep-alive',
  'upgrade-insecure-requests' => '1',
  'user-agent' => 'Mozilla/5.0 (Macintosh; Intel Mac OS X 10_12_2) AppleWebKit/537.36 (KHTML, like Gecko) Chrome/57.0.2987.133 Safari/537.36',
  'accept' => 'text/html,application/xhtml+xml,application/xml;q=0.9,image/webp,*/*;q=0.8',
  'referer' => 'http://localhost/cms/admin.php/guestbook/index.html',
  'accept-encoding' => 'gzip, deflate, sdch, br',
  'accept-language' => 'zh-CN,zh;q=0.8,en;q=0.6,ja;q=0.4',
  'cookie' => 'PHPSESSID=214773bd9de26e6ff350a469f60cc227',
)
[ info ] [ PARAM ] array (
)
[ info ] [ SESSION ] INIT array (
  'id' => '',
  'var_session_id' => '',
  'prefix' => 'think',
  'type' => '',
  'auto_start' => true,
)
[ info ] [ DB ] INIT mysql
[ info ] [ RUN ] app\admin\controller\Flink->index[ /Users/mac/Documents/mamp/cms/application/admin/controller/Flink.php ]
[ info ] [ DB ] INIT mysql
[ info ] [ VIEW ] /Users/mac/Documents/mamp/cms/application/admin/view/flink/index.html [ array (
  0 => 'flink_list',
  1 => 'page',
) ]
[ info ] [ LOG ] INIT File

---------------------------------------------------------------
[ 2017-05-29T17:55:05+08:00 ] ::1 ::1 GET /cms/admin.php/flink/www.163.com
[ log ] localhost/cms/admin.php/flink/www.163.com [运行时间：0.088719s][吞吐率：11.27req/s] [内存消耗：1,978.51kb] [文件加载：42]
[ info ] [ LANG ] /Users/mac/Documents/mamp/cms/thinkphp/lang/zh-cn.php
[ info ] [ BIND ] 'admin'
[ info ] [ ROUTE ] array (
  'type' => 'module',
  'module' => 
  array (
    0 => 'admin',
    1 => 'flink',
    2 => 'www.163.com',
  ),
)
[ info ] [ HEADER ] array (
  'host' => 'localhost',
  'connection' => 'keep-alive',
  'upgrade-insecure-requests' => '1',
  'user-agent' => 'Mozilla/5.0 (Macintosh; Intel Mac OS X 10_12_2) AppleWebKit/537.36 (KHTML, like Gecko) Chrome/57.0.2987.133 Safari/537.36',
  'accept' => 'text/html,application/xhtml+xml,application/xml;q=0.9,image/webp,*/*;q=0.8',
  'referer' => 'http://localhost/cms/admin.php/flink/index.html',
  'accept-encoding' => 'gzip, deflate, sdch, br',
  'accept-language' => 'zh-CN,zh;q=0.8,en;q=0.6,ja;q=0.4',
  'cookie' => 'PHPSESSID=214773bd9de26e6ff350a469f60cc227',
)
[ info ] [ PARAM ] array (
)
[ info ] [ SESSION ] INIT array (
  'id' => '',
  'var_session_id' => '',
  'prefix' => 'think',
  'type' => '',
  'auto_start' => true,
)
[ info ] [ DB ] INIT mysql
[ info ] [ LOG ] INIT File

---------------------------------------------------------------
[ 2017-05-29T17:56:56+08:00 ] ::1 ::1 GET /cms/admin.php/flink/index.html
[ log ] localhost/cms/admin.php/flink/index.html [运行时间：0.119590s][吞吐率：8.36req/s] [内存消耗：2,359.98kb] [文件加载：47]
[ info ] [ LANG ] /Users/mac/Documents/mamp/cms/thinkphp/lang/zh-cn.php
[ info ] [ BIND ] 'admin'
[ info ] [ ROUTE ] array (
  'type' => 'module',
  'module' => 
  array (
    0 => 'admin',
    1 => 'flink',
    2 => 'index',
  ),
)
[ info ] [ HEADER ] array (
  'host' => 'localhost',
  'connection' => 'keep-alive',
  'cache-control' => 'max-age=0',
  'upgrade-insecure-requests' => '1',
  'user-agent' => 'Mozilla/5.0 (Macintosh; Intel Mac OS X 10_12_2) AppleWebKit/537.36 (KHTML, like Gecko) Chrome/57.0.2987.133 Safari/537.36',
  'accept' => 'text/html,application/xhtml+xml,application/xml;q=0.9,image/webp,*/*;q=0.8',
  'referer' => 'http://localhost/cms/admin.php/guestbook/index.html',
  'accept-encoding' => 'gzip, deflate, sdch, br',
  'accept-language' => 'zh-CN,zh;q=0.8,en;q=0.6,ja;q=0.4',
  'cookie' => 'PHPSESSID=214773bd9de26e6ff350a469f60cc227',
)
[ info ] [ PARAM ] array (
)
[ info ] [ SESSION ] INIT array (
  'id' => '',
  'var_session_id' => '',
  'prefix' => 'think',
  'type' => '',
  'auto_start' => true,
)
[ info ] [ DB ] INIT mysql
[ info ] [ RUN ] app\admin\controller\Flink->index[ /Users/mac/Documents/mamp/cms/application/admin/controller/Flink.php ]
[ info ] [ DB ] INIT mysql
[ info ] [ VIEW ] /Users/mac/Documents/mamp/cms/application/admin/view/flink/index.html [ array (
  0 => 'flink_list',
  1 => 'page',
) ]
[ info ] [ LOG ] INIT File

---------------------------------------------------------------
[ 2017-05-29T17:59:29+08:00 ] ::1 ::1 GET /cms/admin.php/flink/index.html
[ log ] localhost/cms/admin.php/flink/index.html [运行时间：0.108066s][吞吐率：9.25req/s] [内存消耗：2,359.92kb] [文件加载：47]
[ info ] [ LANG ] /Users/mac/Documents/mamp/cms/thinkphp/lang/zh-cn.php
[ info ] [ BIND ] 'admin'
[ info ] [ ROUTE ] array (
  'type' => 'module',
  'module' => 
  array (
    0 => 'admin',
    1 => 'flink',
    2 => 'index',
  ),
)
[ info ] [ HEADER ] array (
  'host' => 'localhost',
  'connection' => 'keep-alive',
  'cache-control' => 'max-age=0',
  'upgrade-insecure-requests' => '1',
  'user-agent' => 'Mozilla/5.0 (Macintosh; Intel Mac OS X 10_12_2) AppleWebKit/537.36 (KHTML, like Gecko) Chrome/57.0.2987.133 Safari/537.36',
  'accept' => 'text/html,application/xhtml+xml,application/xml;q=0.9,image/webp,*/*;q=0.8',
  'referer' => 'http://localhost/cms/admin.php/guestbook/index.html',
  'accept-encoding' => 'gzip, deflate, sdch, br',
  'accept-language' => 'zh-CN,zh;q=0.8,en;q=0.6,ja;q=0.4',
  'cookie' => 'PHPSESSID=214773bd9de26e6ff350a469f60cc227',
)
[ info ] [ PARAM ] array (
)
[ info ] [ SESSION ] INIT array (
  'id' => '',
  'var_session_id' => '',
  'prefix' => 'think',
  'type' => '',
  'auto_start' => true,
)
[ info ] [ DB ] INIT mysql
[ info ] [ RUN ] app\admin\controller\Flink->index[ /Users/mac/Documents/mamp/cms/application/admin/controller/Flink.php ]
[ info ] [ DB ] INIT mysql
[ info ] [ VIEW ] /Users/mac/Documents/mamp/cms/application/admin/view/flink/index.html [ array (
  0 => 'flink_list',
  1 => 'page',
) ]
[ info ] [ LOG ] INIT File

---------------------------------------------------------------
[ 2017-05-29T18:30:41+08:00 ] ::1 ::1 GET /cms/admin.php/user/index.html
[ log ] localhost/cms/admin.php/user/index.html [运行时间：0.124089s][吞吐率：8.06req/s] [内存消耗：2,281.19kb] [文件加载：44]
[ info ] [ LANG ] /Users/mac/Documents/mamp/cms/thinkphp/lang/zh-cn.php
[ info ] [ BIND ] 'admin'
[ info ] [ ROUTE ] array (
  'type' => 'module',
  'module' => 
  array (
    0 => 'admin',
    1 => 'user',
    2 => 'index',
  ),
)
[ info ] [ HEADER ] array (
  'host' => 'localhost',
  'connection' => 'keep-alive',
  'upgrade-insecure-requests' => '1',
  'user-agent' => 'Mozilla/5.0 (Macintosh; Intel Mac OS X 10_12_2) AppleWebKit/537.36 (KHTML, like Gecko) Chrome/57.0.2987.133 Safari/537.36',
  'accept' => 'text/html,application/xhtml+xml,application/xml;q=0.9,image/webp,*/*;q=0.8',
  'referer' => 'http://localhost/cms/admin.php/flink/index.html',
  'accept-encoding' => 'gzip, deflate, sdch, br',
  'accept-language' => 'zh-CN,zh;q=0.8,en;q=0.6,ja;q=0.4',
  'cookie' => 'PHPSESSID=214773bd9de26e6ff350a469f60cc227',
)
[ info ] [ PARAM ] array (
)
[ info ] [ SESSION ] INIT array (
  'id' => '',
  'var_session_id' => '',
  'prefix' => 'think',
  'type' => '',
  'auto_start' => true,
)
[ info ] [ DB ] INIT mysql
[ info ] [ RUN ] app\admin\controller\User->index[ /Users/mac/Documents/mamp/cms/application/admin/controller/User.php ]
[ info ] [ DB ] INIT mysql
[ info ] [ VIEW ] /Users/mac/Documents/mamp/cms/application/admin/view/user/index.html [ array (
  0 => 'list',
  1 => 'islock',
  2 => 'page',
) ]
[ info ] [ DB ] INIT mysql
[ info ] [ LOG ] INIT File

---------------------------------------------------------------
[ 2017-05-29T18:33:31+08:00 ] ::1 ::1 GET /cms/admin.php/user/index.html
[ log ] localhost/cms/admin.php/user/index.html [运行时间：0.117073s][吞吐率：8.54req/s] [内存消耗：2,452.46kb] [文件加载：47]
[ info ] [ LANG ] /Users/mac/Documents/mamp/cms/thinkphp/lang/zh-cn.php
[ info ] [ BIND ] 'admin'
[ info ] [ ROUTE ] array (
  'type' => 'module',
  'module' => 
  array (
    0 => 'admin',
    1 => 'user',
    2 => 'index',
  ),
)
[ info ] [ HEADER ] array (
  'host' => 'localhost',
  'connection' => 'keep-alive',
  'cache-control' => 'max-age=0',
  'upgrade-insecure-requests' => '1',
  'user-agent' => 'Mozilla/5.0 (Macintosh; Intel Mac OS X 10_12_2) AppleWebKit/537.36 (KHTML, like Gecko) Chrome/57.0.2987.133 Safari/537.36',
  'accept' => 'text/html,application/xhtml+xml,application/xml;q=0.9,image/webp,*/*;q=0.8',
  'referer' => 'http://localhost/cms/admin.php/flink/index.html',
  'accept-encoding' => 'gzip, deflate, sdch, br',
  'accept-language' => 'zh-CN,zh;q=0.8,en;q=0.6,ja;q=0.4',
  'cookie' => 'PHPSESSID=214773bd9de26e6ff350a469f60cc227',
)
[ info ] [ PARAM ] array (
)
[ info ] [ SESSION ] INIT array (
  'id' => '',
  'var_session_id' => '',
  'prefix' => 'think',
  'type' => '',
  'auto_start' => true,
)
[ info ] [ DB ] INIT mysql
[ info ] [ RUN ] app\admin\controller\User->index[ /Users/mac/Documents/mamp/cms/application/admin/controller/User.php ]
[ info ] [ DB ] INIT mysql
[ info ] [ VIEW ] /Users/mac/Documents/mamp/cms/application/admin/view/user/index.html [ array (
  0 => 'list',
  1 => 'islock',
  2 => 'page',
) ]
[ info ] [ DB ] INIT mysql
[ info ] [ LOG ] INIT File

---------------------------------------------------------------
[ 2017-05-29T18:34:22+08:00 ] ::1 ::1 GET /cms/admin.php/user/index.html
[ log ] localhost/cms/admin.php/user/index.html [运行时间：0.120281s][吞吐率：8.31req/s] [内存消耗：2,452.43kb] [文件加载：47]
[ info ] [ LANG ] /Users/mac/Documents/mamp/cms/thinkphp/lang/zh-cn.php
[ info ] [ BIND ] 'admin'
[ info ] [ ROUTE ] array (
  'type' => 'module',
  'module' => 
  array (
    0 => 'admin',
    1 => 'user',
    2 => 'index',
  ),
)
[ info ] [ HEADER ] array (
  'host' => 'localhost',
  'connection' => 'keep-alive',
  'cache-control' => 'max-age=0',
  'upgrade-insecure-requests' => '1',
  'user-agent' => 'Mozilla/5.0 (Macintosh; Intel Mac OS X 10_12_2) AppleWebKit/537.36 (KHTML, like Gecko) Chrome/57.0.2987.133 Safari/537.36',
  'accept' => 'text/html,application/xhtml+xml,application/xml;q=0.9,image/webp,*/*;q=0.8',
  'referer' => 'http://localhost/cms/admin.php/flink/index.html',
  'accept-encoding' => 'gzip, deflate, sdch, br',
  'accept-language' => 'zh-CN,zh;q=0.8,en;q=0.6,ja;q=0.4',
  'cookie' => 'PHPSESSID=214773bd9de26e6ff350a469f60cc227',
)
[ info ] [ PARAM ] array (
)
[ info ] [ SESSION ] INIT array (
  'id' => '',
  'var_session_id' => '',
  'prefix' => 'think',
  'type' => '',
  'auto_start' => true,
)
[ info ] [ DB ] INIT mysql
[ info ] [ RUN ] app\admin\controller\User->index[ /Users/mac/Documents/mamp/cms/application/admin/controller/User.php ]
[ info ] [ DB ] INIT mysql
[ info ] [ VIEW ] /Users/mac/Documents/mamp/cms/application/admin/view/user/index.html [ array (
  0 => 'list',
  1 => 'islock',
  2 => 'page',
) ]
[ info ] [ DB ] INIT mysql
[ info ] [ LOG ] INIT File

---------------------------------------------------------------
[ 2017-05-29T18:35:58+08:00 ] ::1 ::1 GET /cms/admin.php/user/index.html
[ log ] localhost/cms/admin.php/user/index.html [运行时间：0.134612s][吞吐率：7.43req/s] [内存消耗：2,452.43kb] [文件加载：47]
[ info ] [ LANG ] /Users/mac/Documents/mamp/cms/thinkphp/lang/zh-cn.php
[ info ] [ BIND ] 'admin'
[ info ] [ ROUTE ] array (
  'type' => 'module',
  'module' => 
  array (
    0 => 'admin',
    1 => 'user',
    2 => 'index',
  ),
)
[ info ] [ HEADER ] array (
  'host' => 'localhost',
  'connection' => 'keep-alive',
  'cache-control' => 'max-age=0',
  'upgrade-insecure-requests' => '1',
  'user-agent' => 'Mozilla/5.0 (Macintosh; Intel Mac OS X 10_12_2) AppleWebKit/537.36 (KHTML, like Gecko) Chrome/57.0.2987.133 Safari/537.36',
  'accept' => 'text/html,application/xhtml+xml,application/xml;q=0.9,image/webp,*/*;q=0.8',
  'referer' => 'http://localhost/cms/admin.php/flink/index.html',
  'accept-encoding' => 'gzip, deflate, sdch, br',
  'accept-language' => 'zh-CN,zh;q=0.8,en;q=0.6,ja;q=0.4',
  'cookie' => 'PHPSESSID=214773bd9de26e6ff350a469f60cc227',
)
[ info ] [ PARAM ] array (
)
[ info ] [ SESSION ] INIT array (
  'id' => '',
  'var_session_id' => '',
  'prefix' => 'think',
  'type' => '',
  'auto_start' => true,
)
[ info ] [ DB ] INIT mysql
[ info ] [ RUN ] app\admin\controller\User->index[ /Users/mac/Documents/mamp/cms/application/admin/controller/User.php ]
[ info ] [ DB ] INIT mysql
[ info ] [ VIEW ] /Users/mac/Documents/mamp/cms/application/admin/view/user/index.html [ array (
  0 => 'list',
  1 => 'islock',
  2 => 'page',
) ]
[ info ] [ DB ] INIT mysql
[ info ] [ LOG ] INIT File

---------------------------------------------------------------
[ 2017-05-29T18:36:24+08:00 ] ::1 ::1 GET /cms/admin.php/article/index.html
[ log ] localhost/cms/admin.php/article/index.html [运行时间：0.244984s][吞吐率：4.08req/s] [内存消耗：4,363.15kb] [文件加载：46]
[ info ] [ LANG ] /Users/mac/Documents/mamp/cms/thinkphp/lang/zh-cn.php
[ info ] [ BIND ] 'admin'
[ info ] [ ROUTE ] array (
  'type' => 'module',
  'module' => 
  array (
    0 => 'admin',
    1 => 'article',
    2 => 'index',
  ),
)
[ info ] [ HEADER ] array (
  'host' => 'localhost',
  'connection' => 'keep-alive',
  'upgrade-insecure-requests' => '1',
  'user-agent' => 'Mozilla/5.0 (Macintosh; Intel Mac OS X 10_12_2) AppleWebKit/537.36 (KHTML, like Gecko) Chrome/57.0.2987.133 Safari/537.36',
  'accept' => 'text/html,application/xhtml+xml,application/xml;q=0.9,image/webp,*/*;q=0.8',
  'referer' => 'http://localhost/cms/admin.php/user/index.html',
  'accept-encoding' => 'gzip, deflate, sdch, br',
  'accept-language' => 'zh-CN,zh;q=0.8,en;q=0.6,ja;q=0.4',
  'cookie' => 'PHPSESSID=214773bd9de26e6ff350a469f60cc227',
)
[ info ] [ PARAM ] array (
)
[ info ] [ SESSION ] INIT array (
  'id' => '',
  'var_session_id' => '',
  'prefix' => 'think',
  'type' => '',
  'auto_start' => true,
)
[ info ] [ DB ] INIT mysql
[ info ] [ RUN ] app\admin\controller\Article->index[ /Users/mac/Documents/mamp/cms/application/admin/controller/Article.php ]
[ info ] [ DB ] INIT mysql
[ info ] [ DB ] INIT mysql
[ info ] [ VIEW ] /Users/mac/Documents/mamp/cms/application/admin/view/article/index.html [ array (
  0 => 'q',
  1 => 'username',
  2 => 'catid',
  3 => 'article_list',
  4 => 'cate_list',
  5 => 'page',
) ]
[ info ] [ DB ] INIT mysql
[ info ] [ DB ] INIT mysql
[ info ] [ DB ] INIT mysql
[ info ] [ DB ] INIT mysql
[ info ] [ DB ] INIT mysql
[ info ] [ DB ] INIT mysql
[ info ] [ DB ] INIT mysql
[ info ] [ DB ] INIT mysql
[ info ] [ DB ] INIT mysql
[ info ] [ DB ] INIT mysql
[ info ] [ DB ] INIT mysql
[ info ] [ DB ] INIT mysql
[ info ] [ DB ] INIT mysql
[ info ] [ DB ] INIT mysql
[ info ] [ DB ] INIT mysql
[ info ] [ DB ] INIT mysql
[ info ] [ DB ] INIT mysql
[ info ] [ DB ] INIT mysql
[ info ] [ DB ] INIT mysql
[ info ] [ DB ] INIT mysql
[ info ] [ DB ] INIT mysql
[ info ] [ DB ] INIT mysql
[ info ] [ DB ] INIT mysql
[ info ] [ DB ] INIT mysql
[ info ] [ DB ] INIT mysql
[ info ] [ DB ] INIT mysql
[ info ] [ DB ] INIT mysql
[ info ] [ DB ] INIT mysql
[ info ] [ DB ] INIT mysql
[ info ] [ DB ] INIT mysql
[ info ] [ DB ] INIT mysql
[ info ] [ DB ] INIT mysql
[ info ] [ LOG ] INIT File

---------------------------------------------------------------
[ 2017-05-29T18:36:29+08:00 ] ::1 ::1 GET /cms/admin.php/article/index.html?username=&page=2
[ log ] localhost/cms/admin.php/article/index.html?username=&page=2 [运行时间：0.096050s][吞吐率：10.41req/s] [内存消耗：2,813.81kb] [文件加载：46]
[ info ] [ LANG ] /Users/mac/Documents/mamp/cms/thinkphp/lang/zh-cn.php
[ info ] [ BIND ] 'admin'
[ info ] [ ROUTE ] array (
  'type' => 'module',
  'module' => 
  array (
    0 => 'admin',
    1 => 'article',
    2 => 'index',
  ),
)
[ info ] [ HEADER ] array (
  'host' => 'localhost',
  'connection' => 'keep-alive',
  'upgrade-insecure-requests' => '1',
  'user-agent' => 'Mozilla/5.0 (Macintosh; Intel Mac OS X 10_12_2) AppleWebKit/537.36 (KHTML, like Gecko) Chrome/57.0.2987.133 Safari/537.36',
  'accept' => 'text/html,application/xhtml+xml,application/xml;q=0.9,image/webp,*/*;q=0.8',
  'referer' => 'http://localhost/cms/admin.php/article/index.html',
  'accept-encoding' => 'gzip, deflate, sdch, br',
  'accept-language' => 'zh-CN,zh;q=0.8,en;q=0.6,ja;q=0.4',
  'cookie' => 'PHPSESSID=214773bd9de26e6ff350a469f60cc227',
)
[ info ] [ PARAM ] array (
  'username' => '',
  'page' => '2',
)
[ info ] [ SESSION ] INIT array (
  'id' => '',
  'var_session_id' => '',
  'prefix' => 'think',
  'type' => '',
  'auto_start' => true,
)
[ info ] [ DB ] INIT mysql
[ info ] [ RUN ] app\admin\controller\Article->index[ /Users/mac/Documents/mamp/cms/application/admin/controller/Article.php ]
[ info ] [ DB ] INIT mysql
[ info ] [ DB ] INIT mysql
[ info ] [ VIEW ] /Users/mac/Documents/mamp/cms/application/admin/view/article/index.html [ array (
  0 => 'q',
  1 => 'username',
  2 => 'catid',
  3 => 'article_list',
  4 => 'cate_list',
  5 => 'page',
) ]
[ info ] [ DB ] INIT mysql
[ info ] [ DB ] INIT mysql
[ info ] [ DB ] INIT mysql
[ info ] [ DB ] INIT mysql
[ info ] [ DB ] INIT mysql
[ info ] [ LOG ] INIT File

---------------------------------------------------------------
[ 2017-05-29T18:36:32+08:00 ] ::1 ::1 GET /cms/admin.php/article/index.html?username=&page=1
[ log ] localhost/cms/admin.php/article/index.html?username=&page=1 [运行时间：0.221127s][吞吐率：4.52req/s] [内存消耗：4,363.60kb] [文件加载：46]
[ info ] [ LANG ] /Users/mac/Documents/mamp/cms/thinkphp/lang/zh-cn.php
[ info ] [ BIND ] 'admin'
[ info ] [ ROUTE ] array (
  'type' => 'module',
  'module' => 
  array (
    0 => 'admin',
    1 => 'article',
    2 => 'index',
  ),
)
[ info ] [ HEADER ] array (
  'host' => 'localhost',
  'connection' => 'keep-alive',
  'upgrade-insecure-requests' => '1',
  'user-agent' => 'Mozilla/5.0 (Macintosh; Intel Mac OS X 10_12_2) AppleWebKit/537.36 (KHTML, like Gecko) Chrome/57.0.2987.133 Safari/537.36',
  'accept' => 'text/html,application/xhtml+xml,application/xml;q=0.9,image/webp,*/*;q=0.8',
  'referer' => 'http://localhost/cms/admin.php/article/index.html?username=&page=2',
  'accept-encoding' => 'gzip, deflate, sdch, br',
  'accept-language' => 'zh-CN,zh;q=0.8,en;q=0.6,ja;q=0.4',
  'cookie' => 'PHPSESSID=214773bd9de26e6ff350a469f60cc227',
)
[ info ] [ PARAM ] array (
  'username' => '',
  'page' => '1',
)
[ info ] [ SESSION ] INIT array (
  'id' => '',
  'var_session_id' => '',
  'prefix' => 'think',
  'type' => '',
  'auto_start' => true,
)
[ info ] [ DB ] INIT mysql
[ info ] [ RUN ] app\admin\controller\Article->index[ /Users/mac/Documents/mamp/cms/application/admin/controller/Article.php ]
[ info ] [ DB ] INIT mysql
[ info ] [ DB ] INIT mysql
[ info ] [ VIEW ] /Users/mac/Documents/mamp/cms/application/admin/view/article/index.html [ array (
  0 => 'q',
  1 => 'username',
  2 => 'catid',
  3 => 'article_list',
  4 => 'cate_list',
  5 => 'page',
) ]
[ info ] [ DB ] INIT mysql
[ info ] [ DB ] INIT mysql
[ info ] [ DB ] INIT mysql
[ info ] [ DB ] INIT mysql
[ info ] [ DB ] INIT mysql
[ info ] [ DB ] INIT mysql
[ info ] [ DB ] INIT mysql
[ info ] [ DB ] INIT mysql
[ info ] [ DB ] INIT mysql
[ info ] [ DB ] INIT mysql
[ info ] [ DB ] INIT mysql
[ info ] [ DB ] INIT mysql
[ info ] [ DB ] INIT mysql
[ info ] [ DB ] INIT mysql
[ info ] [ DB ] INIT mysql
[ info ] [ DB ] INIT mysql
[ info ] [ DB ] INIT mysql
[ info ] [ DB ] INIT mysql
[ info ] [ DB ] INIT mysql
[ info ] [ DB ] INIT mysql
[ info ] [ DB ] INIT mysql
[ info ] [ DB ] INIT mysql
[ info ] [ DB ] INIT mysql
[ info ] [ DB ] INIT mysql
[ info ] [ DB ] INIT mysql
[ info ] [ DB ] INIT mysql
[ info ] [ DB ] INIT mysql
[ info ] [ DB ] INIT mysql
[ info ] [ DB ] INIT mysql
[ info ] [ DB ] INIT mysql
[ info ] [ DB ] INIT mysql
[ info ] [ DB ] INIT mysql
[ info ] [ LOG ] INIT File

---------------------------------------------------------------
[ 2017-05-29T18:37:38+08:00 ] ::1 ::1 GET /cms/admin.php/flink/index.html
[ log ] localhost/cms/admin.php/flink/index.html [运行时间：0.109964s][吞吐率：9.09req/s] [内存消耗：2,197.51kb] [文件加载：44]
[ info ] [ LANG ] /Users/mac/Documents/mamp/cms/thinkphp/lang/zh-cn.php
[ info ] [ BIND ] 'admin'
[ info ] [ ROUTE ] array (
  'type' => 'module',
  'module' => 
  array (
    0 => 'admin',
    1 => 'flink',
    2 => 'index',
  ),
)
[ info ] [ HEADER ] array (
  'host' => 'localhost',
  'connection' => 'keep-alive',
  'upgrade-insecure-requests' => '1',
  'user-agent' => 'Mozilla/5.0 (Macintosh; Intel Mac OS X 10_12_2) AppleWebKit/537.36 (KHTML, like Gecko) Chrome/57.0.2987.133 Safari/537.36',
  'accept' => 'text/html,application/xhtml+xml,application/xml;q=0.9,image/webp,*/*;q=0.8',
  'referer' => 'http://localhost/cms/admin.php/article/index.html?username=&page=1',
  'accept-encoding' => 'gzip, deflate, sdch, br',
  'accept-language' => 'zh-CN,zh;q=0.8,en;q=0.6,ja;q=0.4',
  'cookie' => 'PHPSESSID=214773bd9de26e6ff350a469f60cc227',
)
[ info ] [ PARAM ] array (
)
[ info ] [ SESSION ] INIT array (
  'id' => '',
  'var_session_id' => '',
  'prefix' => 'think',
  'type' => '',
  'auto_start' => true,
)
[ info ] [ DB ] INIT mysql
[ info ] [ RUN ] app\admin\controller\Flink->index[ /Users/mac/Documents/mamp/cms/application/admin/controller/Flink.php ]
[ info ] [ DB ] INIT mysql
[ info ] [ VIEW ] /Users/mac/Documents/mamp/cms/application/admin/view/flink/index.html [ array (
  0 => 'flink_list',
  1 => 'page',
) ]
[ info ] [ LOG ] INIT File

---------------------------------------------------------------
[ 2017-05-29T18:38:30+08:00 ] ::1 ::1 GET /cms/admin.php/article/index.html
[ log ] localhost/cms/admin.php/article/index.html [运行时间：0.200754s][吞吐率：4.98req/s] [内存消耗：4,363.15kb] [文件加载：46]
[ info ] [ LANG ] /Users/mac/Documents/mamp/cms/thinkphp/lang/zh-cn.php
[ info ] [ BIND ] 'admin'
[ info ] [ ROUTE ] array (
  'type' => 'module',
  'module' => 
  array (
    0 => 'admin',
    1 => 'article',
    2 => 'index',
  ),
)
[ info ] [ HEADER ] array (
  'host' => 'localhost',
  'connection' => 'keep-alive',
  'upgrade-insecure-requests' => '1',
  'user-agent' => 'Mozilla/5.0 (Macintosh; Intel Mac OS X 10_12_2) AppleWebKit/537.36 (KHTML, like Gecko) Chrome/57.0.2987.133 Safari/537.36',
  'accept' => 'text/html,application/xhtml+xml,application/xml;q=0.9,image/webp,*/*;q=0.8',
  'referer' => 'http://localhost/cms/admin.php/flink/index.html',
  'accept-encoding' => 'gzip, deflate, sdch, br',
  'accept-language' => 'zh-CN,zh;q=0.8,en;q=0.6,ja;q=0.4',
  'cookie' => 'PHPSESSID=214773bd9de26e6ff350a469f60cc227',
)
[ info ] [ PARAM ] array (
)
[ info ] [ SESSION ] INIT array (
  'id' => '',
  'var_session_id' => '',
  'prefix' => 'think',
  'type' => '',
  'auto_start' => true,
)
[ info ] [ DB ] INIT mysql
[ info ] [ RUN ] app\admin\controller\Article->index[ /Users/mac/Documents/mamp/cms/application/admin/controller/Article.php ]
[ info ] [ DB ] INIT mysql
[ info ] [ DB ] INIT mysql
[ info ] [ VIEW ] /Users/mac/Documents/mamp/cms/application/admin/view/article/index.html [ array (
  0 => 'q',
  1 => 'username',
  2 => 'catid',
  3 => 'article_list',
  4 => 'cate_list',
  5 => 'page',
) ]
[ info ] [ DB ] INIT mysql
[ info ] [ DB ] INIT mysql
[ info ] [ DB ] INIT mysql
[ info ] [ DB ] INIT mysql
[ info ] [ DB ] INIT mysql
[ info ] [ DB ] INIT mysql
[ info ] [ DB ] INIT mysql
[ info ] [ DB ] INIT mysql
[ info ] [ DB ] INIT mysql
[ info ] [ DB ] INIT mysql
[ info ] [ DB ] INIT mysql
[ info ] [ DB ] INIT mysql
[ info ] [ DB ] INIT mysql
[ info ] [ DB ] INIT mysql
[ info ] [ DB ] INIT mysql
[ info ] [ DB ] INIT mysql
[ info ] [ DB ] INIT mysql
[ info ] [ DB ] INIT mysql
[ info ] [ DB ] INIT mysql
[ info ] [ DB ] INIT mysql
[ info ] [ DB ] INIT mysql
[ info ] [ DB ] INIT mysql
[ info ] [ DB ] INIT mysql
[ info ] [ DB ] INIT mysql
[ info ] [ DB ] INIT mysql
[ info ] [ DB ] INIT mysql
[ info ] [ DB ] INIT mysql
[ info ] [ DB ] INIT mysql
[ info ] [ DB ] INIT mysql
[ info ] [ DB ] INIT mysql
[ info ] [ DB ] INIT mysql
[ info ] [ DB ] INIT mysql
[ info ] [ LOG ] INIT File

---------------------------------------------------------------
[ 2017-05-29T18:38:41+08:00 ] ::1 ::1 GET /cms/admin.php/flink/index.html
[ log ] localhost/cms/admin.php/flink/index.html [运行时间：0.074848s][吞吐率：13.36req/s] [内存消耗：2,197.49kb] [文件加载：44]
[ info ] [ LANG ] /Users/mac/Documents/mamp/cms/thinkphp/lang/zh-cn.php
[ info ] [ BIND ] 'admin'
[ info ] [ ROUTE ] array (
  'type' => 'module',
  'module' => 
  array (
    0 => 'admin',
    1 => 'flink',
    2 => 'index',
  ),
)
[ info ] [ HEADER ] array (
  'host' => 'localhost',
  'connection' => 'keep-alive',
  'upgrade-insecure-requests' => '1',
  'user-agent' => 'Mozilla/5.0 (Macintosh; Intel Mac OS X 10_12_2) AppleWebKit/537.36 (KHTML, like Gecko) Chrome/57.0.2987.133 Safari/537.36',
  'accept' => 'text/html,application/xhtml+xml,application/xml;q=0.9,image/webp,*/*;q=0.8',
  'referer' => 'http://localhost/cms/admin.php/article/index.html',
  'accept-encoding' => 'gzip, deflate, sdch, br',
  'accept-language' => 'zh-CN,zh;q=0.8,en;q=0.6,ja;q=0.4',
  'cookie' => 'PHPSESSID=214773bd9de26e6ff350a469f60cc227',
)
[ info ] [ PARAM ] array (
)
[ info ] [ SESSION ] INIT array (
  'id' => '',
  'var_session_id' => '',
  'prefix' => 'think',
  'type' => '',
  'auto_start' => true,
)
[ info ] [ DB ] INIT mysql
[ info ] [ RUN ] app\admin\controller\Flink->index[ /Users/mac/Documents/mamp/cms/application/admin/controller/Flink.php ]
[ info ] [ DB ] INIT mysql
[ info ] [ VIEW ] /Users/mac/Documents/mamp/cms/application/admin/view/flink/index.html [ array (
  0 => 'flink_list',
  1 => 'page',
) ]
[ info ] [ LOG ] INIT File

---------------------------------------------------------------
[ 2017-05-29T18:38:52+08:00 ] ::1 ::1 GET /cms/admin.php/article/index.html
[ log ] localhost/cms/admin.php/article/index.html [运行时间：0.157447s][吞吐率：6.35req/s] [内存消耗：4,363.15kb] [文件加载：46]
[ info ] [ LANG ] /Users/mac/Documents/mamp/cms/thinkphp/lang/zh-cn.php
[ info ] [ BIND ] 'admin'
[ info ] [ ROUTE ] array (
  'type' => 'module',
  'module' => 
  array (
    0 => 'admin',
    1 => 'article',
    2 => 'index',
  ),
)
[ info ] [ HEADER ] array (
  'host' => 'localhost',
  'connection' => 'keep-alive',
  'upgrade-insecure-requests' => '1',
  'user-agent' => 'Mozilla/5.0 (Macintosh; Intel Mac OS X 10_12_2) AppleWebKit/537.36 (KHTML, like Gecko) Chrome/57.0.2987.133 Safari/537.36',
  'accept' => 'text/html,application/xhtml+xml,application/xml;q=0.9,image/webp,*/*;q=0.8',
  'referer' => 'http://localhost/cms/admin.php/flink/index.html',
  'accept-encoding' => 'gzip, deflate, sdch, br',
  'accept-language' => 'zh-CN,zh;q=0.8,en;q=0.6,ja;q=0.4',
  'cookie' => 'PHPSESSID=214773bd9de26e6ff350a469f60cc227',
)
[ info ] [ PARAM ] array (
)
[ info ] [ SESSION ] INIT array (
  'id' => '',
  'var_session_id' => '',
  'prefix' => 'think',
  'type' => '',
  'auto_start' => true,
)
[ info ] [ DB ] INIT mysql
[ info ] [ RUN ] app\admin\controller\Article->index[ /Users/mac/Documents/mamp/cms/application/admin/controller/Article.php ]
[ info ] [ DB ] INIT mysql
[ info ] [ DB ] INIT mysql
[ info ] [ VIEW ] /Users/mac/Documents/mamp/cms/application/admin/view/article/index.html [ array (
  0 => 'q',
  1 => 'username',
  2 => 'catid',
  3 => 'article_list',
  4 => 'cate_list',
  5 => 'page',
) ]
[ info ] [ DB ] INIT mysql
[ info ] [ DB ] INIT mysql
[ info ] [ DB ] INIT mysql
[ info ] [ DB ] INIT mysql
[ info ] [ DB ] INIT mysql
[ info ] [ DB ] INIT mysql
[ info ] [ DB ] INIT mysql
[ info ] [ DB ] INIT mysql
[ info ] [ DB ] INIT mysql
[ info ] [ DB ] INIT mysql
[ info ] [ DB ] INIT mysql
[ info ] [ DB ] INIT mysql
[ info ] [ DB ] INIT mysql
[ info ] [ DB ] INIT mysql
[ info ] [ DB ] INIT mysql
[ info ] [ DB ] INIT mysql
[ info ] [ DB ] INIT mysql
[ info ] [ DB ] INIT mysql
[ info ] [ DB ] INIT mysql
[ info ] [ DB ] INIT mysql
[ info ] [ DB ] INIT mysql
[ info ] [ DB ] INIT mysql
[ info ] [ DB ] INIT mysql
[ info ] [ DB ] INIT mysql
[ info ] [ DB ] INIT mysql
[ info ] [ DB ] INIT mysql
[ info ] [ DB ] INIT mysql
[ info ] [ DB ] INIT mysql
[ info ] [ DB ] INIT mysql
[ info ] [ DB ] INIT mysql
[ info ] [ DB ] INIT mysql
[ info ] [ DB ] INIT mysql
[ info ] [ LOG ] INIT File

---------------------------------------------------------------
[ 2017-05-29T18:38:55+08:00 ] ::1 ::1 GET /cms/admin.php/guestbook/index.html
[ log ] localhost/cms/admin.php/guestbook/index.html [运行时间：0.073865s][吞吐率：13.54req/s] [内存消耗：2,201.21kb] [文件加载：44]
[ info ] [ LANG ] /Users/mac/Documents/mamp/cms/thinkphp/lang/zh-cn.php
[ info ] [ BIND ] 'admin'
[ info ] [ ROUTE ] array (
  'type' => 'module',
  'module' => 
  array (
    0 => 'admin',
    1 => 'guestbook',
    2 => 'index',
  ),
)
[ info ] [ HEADER ] array (
  'host' => 'localhost',
  'connection' => 'keep-alive',
  'upgrade-insecure-requests' => '1',
  'user-agent' => 'Mozilla/5.0 (Macintosh; Intel Mac OS X 10_12_2) AppleWebKit/537.36 (KHTML, like Gecko) Chrome/57.0.2987.133 Safari/537.36',
  'accept' => 'text/html,application/xhtml+xml,application/xml;q=0.9,image/webp,*/*;q=0.8',
  'referer' => 'http://localhost/cms/admin.php/article/index.html',
  'accept-encoding' => 'gzip, deflate, sdch, br',
  'accept-language' => 'zh-CN,zh;q=0.8,en;q=0.6,ja;q=0.4',
  'cookie' => 'PHPSESSID=214773bd9de26e6ff350a469f60cc227',
)
[ info ] [ PARAM ] array (
)
[ info ] [ SESSION ] INIT array (
  'id' => '',
  'var_session_id' => '',
  'prefix' => 'think',
  'type' => '',
  'auto_start' => true,
)
[ info ] [ DB ] INIT mysql
[ info ] [ RUN ] app\admin\controller\Guestbook->index[ /Users/mac/Documents/mamp/cms/application/admin/controller/Guestbook.php ]
[ info ] [ DB ] INIT mysql
[ info ] [ VIEW ] /Users/mac/Documents/mamp/cms/application/admin/view/guestbook/index.html [ array (
  0 => 'title',
  1 => 'guestbook_list',
  2 => 'page',
) ]
[ info ] [ LOG ] INIT File

---------------------------------------------------------------
[ 2017-05-29T18:38:56+08:00 ] ::1 ::1 GET /cms/admin.php/flink/index.html
[ log ] localhost/cms/admin.php/flink/index.html [运行时间：0.092638s][吞吐率：10.79req/s] [内存消耗：2,197.49kb] [文件加载：44]
[ info ] [ LANG ] /Users/mac/Documents/mamp/cms/thinkphp/lang/zh-cn.php
[ info ] [ BIND ] 'admin'
[ info ] [ ROUTE ] array (
  'type' => 'module',
  'module' => 
  array (
    0 => 'admin',
    1 => 'flink',
    2 => 'index',
  ),
)
[ info ] [ HEADER ] array (
  'host' => 'localhost',
  'connection' => 'keep-alive',
  'upgrade-insecure-requests' => '1',
  'user-agent' => 'Mozilla/5.0 (Macintosh; Intel Mac OS X 10_12_2) AppleWebKit/537.36 (KHTML, like Gecko) Chrome/57.0.2987.133 Safari/537.36',
  'accept' => 'text/html,application/xhtml+xml,application/xml;q=0.9,image/webp,*/*;q=0.8',
  'referer' => 'http://localhost/cms/admin.php/guestbook/index.html',
  'accept-encoding' => 'gzip, deflate, sdch, br',
  'accept-language' => 'zh-CN,zh;q=0.8,en;q=0.6,ja;q=0.4',
  'cookie' => 'PHPSESSID=214773bd9de26e6ff350a469f60cc227',
)
[ info ] [ PARAM ] array (
)
[ info ] [ SESSION ] INIT array (
  'id' => '',
  'var_session_id' => '',
  'prefix' => 'think',
  'type' => '',
  'auto_start' => true,
)
[ info ] [ DB ] INIT mysql
[ info ] [ RUN ] app\admin\controller\Flink->index[ /Users/mac/Documents/mamp/cms/application/admin/controller/Flink.php ]
[ info ] [ DB ] INIT mysql
[ info ] [ VIEW ] /Users/mac/Documents/mamp/cms/application/admin/view/flink/index.html [ array (
  0 => 'flink_list',
  1 => 'page',
) ]
[ info ] [ LOG ] INIT File

---------------------------------------------------------------
[ 2017-05-29T18:39:26+08:00 ] ::1 ::1 GET /cms/admin.php/article/index.html
[ log ] localhost/cms/admin.php/article/index.html [运行时间：0.179270s][吞吐率：5.58req/s] [内存消耗：4,363.15kb] [文件加载：46]
[ info ] [ LANG ] /Users/mac/Documents/mamp/cms/thinkphp/lang/zh-cn.php
[ info ] [ BIND ] 'admin'
[ info ] [ ROUTE ] array (
  'type' => 'module',
  'module' => 
  array (
    0 => 'admin',
    1 => 'article',
    2 => 'index',
  ),
)
[ info ] [ HEADER ] array (
  'host' => 'localhost',
  'connection' => 'keep-alive',
  'upgrade-insecure-requests' => '1',
  'user-agent' => 'Mozilla/5.0 (Macintosh; Intel Mac OS X 10_12_2) AppleWebKit/537.36 (KHTML, like Gecko) Chrome/57.0.2987.133 Safari/537.36',
  'accept' => 'text/html,application/xhtml+xml,application/xml;q=0.9,image/webp,*/*;q=0.8',
  'referer' => 'http://localhost/cms/admin.php/flink/index.html',
  'accept-encoding' => 'gzip, deflate, sdch, br',
  'accept-language' => 'zh-CN,zh;q=0.8,en;q=0.6,ja;q=0.4',
  'cookie' => 'PHPSESSID=214773bd9de26e6ff350a469f60cc227',
)
[ info ] [ PARAM ] array (
)
[ info ] [ SESSION ] INIT array (
  'id' => '',
  'var_session_id' => '',
  'prefix' => 'think',
  'type' => '',
  'auto_start' => true,
)
[ info ] [ DB ] INIT mysql
[ info ] [ RUN ] app\admin\controller\Article->index[ /Users/mac/Documents/mamp/cms/application/admin/controller/Article.php ]
[ info ] [ DB ] INIT mysql
[ info ] [ DB ] INIT mysql
[ info ] [ VIEW ] /Users/mac/Documents/mamp/cms/application/admin/view/article/index.html [ array (
  0 => 'q',
  1 => 'username',
  2 => 'catid',
  3 => 'article_list',
  4 => 'cate_list',
  5 => 'page',
) ]
[ info ] [ DB ] INIT mysql
[ info ] [ DB ] INIT mysql
[ info ] [ DB ] INIT mysql
[ info ] [ DB ] INIT mysql
[ info ] [ DB ] INIT mysql
[ info ] [ DB ] INIT mysql
[ info ] [ DB ] INIT mysql
[ info ] [ DB ] INIT mysql
[ info ] [ DB ] INIT mysql
[ info ] [ DB ] INIT mysql
[ info ] [ DB ] INIT mysql
[ info ] [ DB ] INIT mysql
[ info ] [ DB ] INIT mysql
[ info ] [ DB ] INIT mysql
[ info ] [ DB ] INIT mysql
[ info ] [ DB ] INIT mysql
[ info ] [ DB ] INIT mysql
[ info ] [ DB ] INIT mysql
[ info ] [ DB ] INIT mysql
[ info ] [ DB ] INIT mysql
[ info ] [ DB ] INIT mysql
[ info ] [ DB ] INIT mysql
[ info ] [ DB ] INIT mysql
[ info ] [ DB ] INIT mysql
[ info ] [ DB ] INIT mysql
[ info ] [ DB ] INIT mysql
[ info ] [ DB ] INIT mysql
[ info ] [ DB ] INIT mysql
[ info ] [ DB ] INIT mysql
[ info ] [ DB ] INIT mysql
[ info ] [ DB ] INIT mysql
[ info ] [ DB ] INIT mysql
[ info ] [ LOG ] INIT File

---------------------------------------------------------------
[ 2017-05-29T18:40:06+08:00 ] ::1 ::1 POST /cms/admin.php/article/status.html
[ log ] localhost/cms/admin.php/article/status.html [运行时间：0.108168s][吞吐率：9.24req/s] [内存消耗：2,194.11kb] [文件加载：44]
[ info ] [ LANG ] /Users/mac/Documents/mamp/cms/thinkphp/lang/zh-cn.php
[ info ] [ BIND ] 'admin'
[ info ] [ ROUTE ] array (
  'type' => 'module',
  'module' => 
  array (
    0 => 'admin',
    1 => 'article',
    2 => 'status',
  ),
)
[ info ] [ HEADER ] array (
  'host' => 'localhost',
  'connection' => 'keep-alive',
  'content-length' => '204',
  'cache-control' => 'max-age=0',
  'origin' => 'http://localhost',
  'upgrade-insecure-requests' => '1',
  'user-agent' => 'Mozilla/5.0 (Macintosh; Intel Mac OS X 10_12_2) AppleWebKit/537.36 (KHTML, like Gecko) Chrome/57.0.2987.133 Safari/537.36',
  'content-type' => 'application/x-www-form-urlencoded',
  'accept' => 'text/html,application/xhtml+xml,application/xml;q=0.9,image/webp,*/*;q=0.8',
  'referer' => 'http://localhost/cms/admin.php/article/index.html',
  'accept-encoding' => 'gzip, deflate, br',
  'accept-language' => 'zh-CN,zh;q=0.8,en;q=0.6,ja;q=0.4',
  'cookie' => 'PHPSESSID=214773bd9de26e6ff350a469f60cc227',
)
[ info ] [ PARAM ] array (
  'listorder' => 
  array (
    10 => '1',
    12 => '0',
    11 => '0',
    8 => '0',
    7 => '0',
    6 => '0',
    5 => '0',
    4 => '0',
    3 => '0',
    2 => '0',
  ),
  'id' => 
  array (
    0 => '12',
  ),
)
[ info ] [ SESSION ] INIT array (
  'id' => '',
  'var_session_id' => '',
  'prefix' => 'think',
  'type' => '',
  'auto_start' => true,
)
[ info ] [ DB ] INIT mysql
[ info ] [ RUN ] app\admin\controller\Article->status[ /Users/mac/Documents/mamp/cms/application/admin/controller/Article.php ]
[ info ] [ DB ] INIT mysql
[ info ] [ DB ] INIT mysql
[ info ] [ CACHE ] INIT File
[ info ] [ VIEW ] /Users/mac/Documents/mamp/cms/thinkphp/tpl/dispatch_jump.tpl [ array (
  0 => 'code',
  1 => 'msg',
  2 => 'data',
  3 => 'url',
  4 => 'wait',
) ]
[ info ] [ LOG ] INIT File

---------------------------------------------------------------
[ 2017-05-29T18:40:08+08:00 ] ::1 ::1 GET /cms/admin.php/article/index.html
[ log ] localhost/cms/admin.php/article/index.html [运行时间：0.142252s][吞吐率：7.03req/s] [内存消耗：4,363.15kb] [文件加载：46]
[ info ] [ LANG ] /Users/mac/Documents/mamp/cms/thinkphp/lang/zh-cn.php
[ info ] [ BIND ] 'admin'
[ info ] [ ROUTE ] array (
  'type' => 'module',
  'module' => 
  array (
    0 => 'admin',
    1 => 'article',
    2 => 'index',
  ),
)
[ info ] [ HEADER ] array (
  'host' => 'localhost',
  'connection' => 'keep-alive',
  'upgrade-insecure-requests' => '1',
  'user-agent' => 'Mozilla/5.0 (Macintosh; Intel Mac OS X 10_12_2) AppleWebKit/537.36 (KHTML, like Gecko) Chrome/57.0.2987.133 Safari/537.36',
  'accept' => 'text/html,application/xhtml+xml,application/xml;q=0.9,image/webp,*/*;q=0.8',
  'referer' => 'http://localhost/cms/admin.php/article/status.html',
  'accept-encoding' => 'gzip, deflate, sdch, br',
  'accept-language' => 'zh-CN,zh;q=0.8,en;q=0.6,ja;q=0.4',
  'cookie' => 'PHPSESSID=214773bd9de26e6ff350a469f60cc227',
)
[ info ] [ PARAM ] array (
)
[ info ] [ SESSION ] INIT array (
  'id' => '',
  'var_session_id' => '',
  'prefix' => 'think',
  'type' => '',
  'auto_start' => true,
)
[ info ] [ DB ] INIT mysql
[ info ] [ RUN ] app\admin\controller\Article->index[ /Users/mac/Documents/mamp/cms/application/admin/controller/Article.php ]
[ info ] [ DB ] INIT mysql
[ info ] [ DB ] INIT mysql
[ info ] [ VIEW ] /Users/mac/Documents/mamp/cms/application/admin/view/article/index.html [ array (
  0 => 'q',
  1 => 'username',
  2 => 'catid',
  3 => 'article_list',
  4 => 'cate_list',
  5 => 'page',
) ]
[ info ] [ DB ] INIT mysql
[ info ] [ DB ] INIT mysql
[ info ] [ DB ] INIT mysql
[ info ] [ DB ] INIT mysql
[ info ] [ DB ] INIT mysql
[ info ] [ DB ] INIT mysql
[ info ] [ DB ] INIT mysql
[ info ] [ DB ] INIT mysql
[ info ] [ DB ] INIT mysql
[ info ] [ DB ] INIT mysql
[ info ] [ DB ] INIT mysql
[ info ] [ DB ] INIT mysql
[ info ] [ DB ] INIT mysql
[ info ] [ DB ] INIT mysql
[ info ] [ DB ] INIT mysql
[ info ] [ DB ] INIT mysql
[ info ] [ DB ] INIT mysql
[ info ] [ DB ] INIT mysql
[ info ] [ DB ] INIT mysql
[ info ] [ DB ] INIT mysql
[ info ] [ DB ] INIT mysql
[ info ] [ DB ] INIT mysql
[ info ] [ DB ] INIT mysql
[ info ] [ DB ] INIT mysql
[ info ] [ DB ] INIT mysql
[ info ] [ DB ] INIT mysql
[ info ] [ DB ] INIT mysql
[ info ] [ DB ] INIT mysql
[ info ] [ DB ] INIT mysql
[ info ] [ DB ] INIT mysql
[ info ] [ DB ] INIT mysql
[ info ] [ DB ] INIT mysql
[ info ] [ LOG ] INIT File

---------------------------------------------------------------
[ 2017-05-29T18:40:26+08:00 ] ::1 ::1 POST /cms/admin.php/article/status.html
[ log ] localhost/cms/admin.php/article/status.html [运行时间：0.098099s][吞吐率：10.19req/s] [内存消耗：2,194.11kb] [文件加载：44]
[ info ] [ LANG ] /Users/mac/Documents/mamp/cms/thinkphp/lang/zh-cn.php
[ info ] [ BIND ] 'admin'
[ info ] [ ROUTE ] array (
  'type' => 'module',
  'module' => 
  array (
    0 => 'admin',
    1 => 'article',
    2 => 'status',
  ),
)
[ info ] [ HEADER ] array (
  'host' => 'localhost',
  'connection' => 'keep-alive',
  'content-length' => '204',
  'cache-control' => 'max-age=0',
  'origin' => 'http://localhost',
  'upgrade-insecure-requests' => '1',
  'user-agent' => 'Mozilla/5.0 (Macintosh; Intel Mac OS X 10_12_2) AppleWebKit/537.36 (KHTML, like Gecko) Chrome/57.0.2987.133 Safari/537.36',
  'content-type' => 'application/x-www-form-urlencoded',
  'accept' => 'text/html,application/xhtml+xml,application/xml;q=0.9,image/webp,*/*;q=0.8',
  'referer' => 'http://localhost/cms/admin.php/article/index.html',
  'accept-encoding' => 'gzip, deflate, br',
  'accept-language' => 'zh-CN,zh;q=0.8,en;q=0.6,ja;q=0.4',
  'cookie' => 'PHPSESSID=214773bd9de26e6ff350a469f60cc227',
)
[ info ] [ PARAM ] array (
  'id' => 
  array (
    0 => '10',
  ),
  'listorder' => 
  array (
    10 => '1',
    12 => '0',
    11 => '0',
    8 => '0',
    7 => '0',
    6 => '0',
    5 => '0',
    4 => '0',
    3 => '0',
    2 => '0',
  ),
)
[ info ] [ SESSION ] INIT array (
  'id' => '',
  'var_session_id' => '',
  'prefix' => 'think',
  'type' => '',
  'auto_start' => true,
)
[ info ] [ DB ] INIT mysql
[ info ] [ RUN ] app\admin\controller\Article->status[ /Users/mac/Documents/mamp/cms/application/admin/controller/Article.php ]
[ info ] [ DB ] INIT mysql
[ info ] [ DB ] INIT mysql
[ info ] [ CACHE ] INIT File
[ info ] [ VIEW ] /Users/mac/Documents/mamp/cms/thinkphp/tpl/dispatch_jump.tpl [ array (
  0 => 'code',
  1 => 'msg',
  2 => 'data',
  3 => 'url',
  4 => 'wait',
) ]
[ info ] [ LOG ] INIT File

---------------------------------------------------------------
[ 2017-05-29T18:40:28+08:00 ] ::1 ::1 GET /cms/admin.php/article/index.html
[ log ] localhost/cms/admin.php/article/index.html [运行时间：0.184111s][吞吐率：5.43req/s] [内存消耗：4,363.15kb] [文件加载：46]
[ info ] [ LANG ] /Users/mac/Documents/mamp/cms/thinkphp/lang/zh-cn.php
[ info ] [ BIND ] 'admin'
[ info ] [ ROUTE ] array (
  'type' => 'module',
  'module' => 
  array (
    0 => 'admin',
    1 => 'article',
    2 => 'index',
  ),
)
[ info ] [ HEADER ] array (
  'host' => 'localhost',
  'connection' => 'keep-alive',
  'upgrade-insecure-requests' => '1',
  'user-agent' => 'Mozilla/5.0 (Macintosh; Intel Mac OS X 10_12_2) AppleWebKit/537.36 (KHTML, like Gecko) Chrome/57.0.2987.133 Safari/537.36',
  'accept' => 'text/html,application/xhtml+xml,application/xml;q=0.9,image/webp,*/*;q=0.8',
  'referer' => 'http://localhost/cms/admin.php/article/status.html',
  'accept-encoding' => 'gzip, deflate, sdch, br',
  'accept-language' => 'zh-CN,zh;q=0.8,en;q=0.6,ja;q=0.4',
  'cookie' => 'PHPSESSID=214773bd9de26e6ff350a469f60cc227',
)
[ info ] [ PARAM ] array (
)
[ info ] [ SESSION ] INIT array (
  'id' => '',
  'var_session_id' => '',
  'prefix' => 'think',
  'type' => '',
  'auto_start' => true,
)
[ info ] [ DB ] INIT mysql
[ info ] [ RUN ] app\admin\controller\Article->index[ /Users/mac/Documents/mamp/cms/application/admin/controller/Article.php ]
[ info ] [ DB ] INIT mysql
[ info ] [ DB ] INIT mysql
[ info ] [ VIEW ] /Users/mac/Documents/mamp/cms/application/admin/view/article/index.html [ array (
  0 => 'q',
  1 => 'username',
  2 => 'catid',
  3 => 'article_list',
  4 => 'cate_list',
  5 => 'page',
) ]
[ info ] [ DB ] INIT mysql
[ info ] [ DB ] INIT mysql
[ info ] [ DB ] INIT mysql
[ info ] [ DB ] INIT mysql
[ info ] [ DB ] INIT mysql
[ info ] [ DB ] INIT mysql
[ info ] [ DB ] INIT mysql
[ info ] [ DB ] INIT mysql
[ info ] [ DB ] INIT mysql
[ info ] [ DB ] INIT mysql
[ info ] [ DB ] INIT mysql
[ info ] [ DB ] INIT mysql
[ info ] [ DB ] INIT mysql
[ info ] [ DB ] INIT mysql
[ info ] [ DB ] INIT mysql
[ info ] [ DB ] INIT mysql
[ info ] [ DB ] INIT mysql
[ info ] [ DB ] INIT mysql
[ info ] [ DB ] INIT mysql
[ info ] [ DB ] INIT mysql
[ info ] [ DB ] INIT mysql
[ info ] [ DB ] INIT mysql
[ info ] [ DB ] INIT mysql
[ info ] [ DB ] INIT mysql
[ info ] [ DB ] INIT mysql
[ info ] [ DB ] INIT mysql
[ info ] [ DB ] INIT mysql
[ info ] [ DB ] INIT mysql
[ info ] [ DB ] INIT mysql
[ info ] [ DB ] INIT mysql
[ info ] [ DB ] INIT mysql
[ info ] [ DB ] INIT mysql
[ info ] [ LOG ] INIT File

---------------------------------------------------------------
[ 2017-05-29T18:44:04+08:00 ] ::1 ::1 GET /cms/admin.php/flink/index.html
[ log ] localhost/cms/admin.php/flink/index.html [运行时间：0.122652s][吞吐率：8.15req/s] [内存消耗：2,198.73kb] [文件加载：44]
[ info ] [ LANG ] /Users/mac/Documents/mamp/cms/thinkphp/lang/zh-cn.php
[ info ] [ BIND ] 'admin'
[ info ] [ ROUTE ] array (
  'type' => 'module',
  'module' => 
  array (
    0 => 'admin',
    1 => 'flink',
    2 => 'index',
  ),
)
[ info ] [ HEADER ] array (
  'host' => 'localhost',
  'connection' => 'keep-alive',
  'upgrade-insecure-requests' => '1',
  'user-agent' => 'Mozilla/5.0 (Macintosh; Intel Mac OS X 10_12_2) AppleWebKit/537.36 (KHTML, like Gecko) Chrome/57.0.2987.133 Safari/537.36',
  'accept' => 'text/html,application/xhtml+xml,application/xml;q=0.9,image/webp,*/*;q=0.8',
  'referer' => 'http://localhost/cms/admin.php/article/index.html',
  'accept-encoding' => 'gzip, deflate, sdch, br',
  'accept-language' => 'zh-CN,zh;q=0.8,en;q=0.6,ja;q=0.4',
  'cookie' => 'PHPSESSID=214773bd9de26e6ff350a469f60cc227',
)
[ info ] [ PARAM ] array (
)
[ info ] [ SESSION ] INIT array (
  'id' => '',
  'var_session_id' => '',
  'prefix' => 'think',
  'type' => '',
  'auto_start' => true,
)
[ info ] [ DB ] INIT mysql
[ info ] [ RUN ] app\admin\controller\Flink->index[ /Users/mac/Documents/mamp/cms/application/admin/controller/Flink.php ]
[ info ] [ DB ] INIT mysql
[ info ] [ VIEW ] /Users/mac/Documents/mamp/cms/application/admin/view/flink/index.html [ array (
  0 => 'flink_list',
  1 => 'page',
) ]
[ info ] [ LOG ] INIT File

---------------------------------------------------------------
[ 2017-05-29T18:47:28+08:00 ] ::1 ::1 GET /cms/admin.php/flink/index.html
[ log ] localhost/cms/admin.php/flink/index.html [运行时间：0.106395s][吞吐率：9.40req/s] [内存消耗：2,365.42kb] [文件加载：47]
[ info ] [ LANG ] /Users/mac/Documents/mamp/cms/thinkphp/lang/zh-cn.php
[ info ] [ BIND ] 'admin'
[ info ] [ ROUTE ] array (
  'type' => 'module',
  'module' => 
  array (
    0 => 'admin',
    1 => 'flink',
    2 => 'index',
  ),
)
[ info ] [ HEADER ] array (
  'host' => 'localhost',
  'connection' => 'keep-alive',
  'cache-control' => 'max-age=0',
  'upgrade-insecure-requests' => '1',
  'user-agent' => 'Mozilla/5.0 (Macintosh; Intel Mac OS X 10_12_2) AppleWebKit/537.36 (KHTML, like Gecko) Chrome/57.0.2987.133 Safari/537.36',
  'accept' => 'text/html,application/xhtml+xml,application/xml;q=0.9,image/webp,*/*;q=0.8',
  'referer' => 'http://localhost/cms/admin.php/article/index.html',
  'accept-encoding' => 'gzip, deflate, sdch, br',
  'accept-language' => 'zh-CN,zh;q=0.8,en;q=0.6,ja;q=0.4',
  'cookie' => 'PHPSESSID=214773bd9de26e6ff350a469f60cc227',
)
[ info ] [ PARAM ] array (
)
[ info ] [ SESSION ] INIT array (
  'id' => '',
  'var_session_id' => '',
  'prefix' => 'think',
  'type' => '',
  'auto_start' => true,
)
[ info ] [ DB ] INIT mysql
[ info ] [ RUN ] app\admin\controller\Flink->index[ /Users/mac/Documents/mamp/cms/application/admin/controller/Flink.php ]
[ info ] [ DB ] INIT mysql
[ info ] [ VIEW ] /Users/mac/Documents/mamp/cms/application/admin/view/flink/index.html [ array (
  0 => 'flink_list',
  1 => 'page',
) ]
[ info ] [ LOG ] INIT File

---------------------------------------------------------------
[ 2017-05-29T18:51:50+08:00 ] ::1 ::1 GET /cms/admin.php/flink/index.html
[ log ] localhost/cms/admin.php/flink/index.html [运行时间：0.105428s][吞吐率：9.49req/s] [内存消耗：2,365.65kb] [文件加载：47]
[ info ] [ LANG ] /Users/mac/Documents/mamp/cms/thinkphp/lang/zh-cn.php
[ info ] [ BIND ] 'admin'
[ info ] [ ROUTE ] array (
  'type' => 'module',
  'module' => 
  array (
    0 => 'admin',
    1 => 'flink',
    2 => 'index',
  ),
)
[ info ] [ HEADER ] array (
  'host' => 'localhost',
  'connection' => 'keep-alive',
  'cache-control' => 'max-age=0',
  'upgrade-insecure-requests' => '1',
  'user-agent' => 'Mozilla/5.0 (Macintosh; Intel Mac OS X 10_12_2) AppleWebKit/537.36 (KHTML, like Gecko) Chrome/57.0.2987.133 Safari/537.36',
  'accept' => 'text/html,application/xhtml+xml,application/xml;q=0.9,image/webp,*/*;q=0.8',
  'referer' => 'http://localhost/cms/admin.php/article/index.html',
  'accept-encoding' => 'gzip, deflate, sdch, br',
  'accept-language' => 'zh-CN,zh;q=0.8,en;q=0.6,ja;q=0.4',
  'cookie' => 'PHPSESSID=214773bd9de26e6ff350a469f60cc227',
)
[ info ] [ PARAM ] array (
)
[ info ] [ SESSION ] INIT array (
  'id' => '',
  'var_session_id' => '',
  'prefix' => 'think',
  'type' => '',
  'auto_start' => true,
)
[ info ] [ DB ] INIT mysql
[ info ] [ RUN ] app\admin\controller\Flink->index[ /Users/mac/Documents/mamp/cms/application/admin/controller/Flink.php ]
[ info ] [ DB ] INIT mysql
[ info ] [ VIEW ] /Users/mac/Documents/mamp/cms/application/admin/view/flink/index.html [ array (
  0 => 'flink_list',
  1 => 'page',
) ]
[ info ] [ LOG ] INIT File

---------------------------------------------------------------
[ 2017-05-29T18:51:53+08:00 ] ::1 ::1 POST /cms/admin.php/flink/status.html
[ log ] localhost/cms/admin.php/flink/status.html [运行时间：0.067061s][吞吐率：14.91req/s] [内存消耗：1,978.77kb] [文件加载：42]
[ info ] [ LANG ] /Users/mac/Documents/mamp/cms/thinkphp/lang/zh-cn.php
[ info ] [ BIND ] 'admin'
[ info ] [ ROUTE ] array (
  'type' => 'module',
  'module' => 
  array (
    0 => 'admin',
    1 => 'flink',
    2 => 'status',
  ),
)
[ info ] [ HEADER ] array (
  'host' => 'localhost',
  'connection' => 'keep-alive',
  'content-length' => '37',
  'cache-control' => 'max-age=0',
  'origin' => 'http://localhost',
  'upgrade-insecure-requests' => '1',
  'user-agent' => 'Mozilla/5.0 (Macintosh; Intel Mac OS X 10_12_2) AppleWebKit/537.36 (KHTML, like Gecko) Chrome/57.0.2987.133 Safari/537.36',
  'content-type' => 'application/x-www-form-urlencoded',
  'accept' => 'text/html,application/xhtml+xml,application/xml;q=0.9,image/webp,*/*;q=0.8',
  'referer' => 'http://localhost/cms/admin.php/flink/index.html',
  'accept-encoding' => 'gzip, deflate, br',
  'accept-language' => 'zh-CN,zh;q=0.8,en;q=0.6,ja;q=0.4',
  'cookie' => 'PHPSESSID=214773bd9de26e6ff350a469f60cc227',
)
[ info ] [ PARAM ] array (
  'listorder' => 
  array (
    2 => '0',
    1 => '0',
  ),
)
[ info ] [ SESSION ] INIT array (
  'id' => '',
  'var_session_id' => '',
  'prefix' => 'think',
  'type' => '',
  'auto_start' => true,
)
[ info ] [ DB ] INIT mysql
[ info ] [ LOG ] INIT File

---------------------------------------------------------------
[ 2017-05-29T18:52:06+08:00 ] ::1 ::1 GET /cms/admin.php/flink/index.html
[ log ] localhost/cms/admin.php/flink/index.html [运行时间：0.078219s][吞吐率：12.78req/s] [内存消耗：2,199.14kb] [文件加载：44]
[ info ] [ LANG ] /Users/mac/Documents/mamp/cms/thinkphp/lang/zh-cn.php
[ info ] [ BIND ] 'admin'
[ info ] [ ROUTE ] array (
  'type' => 'module',
  'module' => 
  array (
    0 => 'admin',
    1 => 'flink',
    2 => 'index',
  ),
)
[ info ] [ HEADER ] array (
  'host' => 'localhost',
  'connection' => 'keep-alive',
  'upgrade-insecure-requests' => '1',
  'user-agent' => 'Mozilla/5.0 (Macintosh; Intel Mac OS X 10_12_2) AppleWebKit/537.36 (KHTML, like Gecko) Chrome/57.0.2987.133 Safari/537.36',
  'accept' => 'text/html,application/xhtml+xml,application/xml;q=0.9,image/webp,*/*;q=0.8',
  'referer' => 'http://localhost/cms/admin.php/article/index.html',
  'accept-encoding' => 'gzip, deflate, sdch, br',
  'accept-language' => 'zh-CN,zh;q=0.8,en;q=0.6,ja;q=0.4',
  'cookie' => 'PHPSESSID=214773bd9de26e6ff350a469f60cc227',
)
[ info ] [ PARAM ] array (
)
[ info ] [ SESSION ] INIT array (
  'id' => '',
  'var_session_id' => '',
  'prefix' => 'think',
  'type' => '',
  'auto_start' => true,
)
[ info ] [ DB ] INIT mysql
[ info ] [ RUN ] app\admin\controller\Flink->index[ /Users/mac/Documents/mamp/cms/application/admin/controller/Flink.php ]
[ info ] [ DB ] INIT mysql
[ info ] [ VIEW ] /Users/mac/Documents/mamp/cms/application/admin/view/flink/index.html [ array (
  0 => 'flink_list',
  1 => 'page',
) ]
[ info ] [ LOG ] INIT File

---------------------------------------------------------------
[ 2017-05-29T18:56:09+08:00 ] ::1 ::1 GET /cms/admin.php/flink/index.html
[ log ] localhost/cms/admin.php/flink/index.html [运行时间：0.113344s][吞吐率：8.82req/s] [内存消耗：2,201.59kb] [文件加载：44]
[ info ] [ LANG ] /Users/mac/Documents/mamp/cms/thinkphp/lang/zh-cn.php
[ info ] [ BIND ] 'admin'
[ info ] [ ROUTE ] array (
  'type' => 'module',
  'module' => 
  array (
    0 => 'admin',
    1 => 'flink',
    2 => 'index',
  ),
)
[ info ] [ HEADER ] array (
  'host' => 'localhost',
  'connection' => 'keep-alive',
  'upgrade-insecure-requests' => '1',
  'user-agent' => 'Mozilla/5.0 (Macintosh; Intel Mac OS X 10_12_2) AppleWebKit/537.36 (KHTML, like Gecko) Chrome/57.0.2987.133 Safari/537.36',
  'accept' => 'text/html,application/xhtml+xml,application/xml;q=0.9,image/webp,*/*;q=0.8',
  'referer' => 'http://localhost/cms/admin.php/flink/index.html',
  'accept-encoding' => 'gzip, deflate, sdch, br',
  'accept-language' => 'zh-CN,zh;q=0.8,en;q=0.6,ja;q=0.4',
  'cookie' => 'PHPSESSID=214773bd9de26e6ff350a469f60cc227',
)
[ info ] [ PARAM ] array (
)
[ info ] [ SESSION ] INIT array (
  'id' => '',
  'var_session_id' => '',
  'prefix' => 'think',
  'type' => '',
  'auto_start' => true,
)
[ info ] [ DB ] INIT mysql
[ info ] [ RUN ] app\admin\controller\Flink->index[ /Users/mac/Documents/mamp/cms/application/admin/controller/Flink.php ]
[ info ] [ DB ] INIT mysql
[ info ] [ VIEW ] /Users/mac/Documents/mamp/cms/application/admin/view/flink/index.html [ array (
  0 => 'flink_list',
  1 => 'page',
) ]
[ info ] [ LOG ] INIT File

---------------------------------------------------------------
[ 2017-05-29T18:56:13+08:00 ] ::1 ::1 POST /cms/admin.php/flink/status.html
[ log ] localhost/cms/admin.php/flink/status.html [运行时间：0.064079s][吞吐率：15.61req/s] [内存消耗：2,151.72kb] [文件加载：44]
[ info ] [ LANG ] /Users/mac/Documents/mamp/cms/thinkphp/lang/zh-cn.php
[ info ] [ BIND ] 'admin'
[ info ] [ ROUTE ] array (
  'type' => 'module',
  'module' => 
  array (
    0 => 'admin',
    1 => 'flink',
    2 => 'status',
  ),
)
[ info ] [ HEADER ] array (
  'host' => 'localhost',
  'connection' => 'keep-alive',
  'content-length' => '48',
  'cache-control' => 'max-age=0',
  'origin' => 'http://localhost',
  'upgrade-insecure-requests' => '1',
  'user-agent' => 'Mozilla/5.0 (Macintosh; Intel Mac OS X 10_12_2) AppleWebKit/537.36 (KHTML, like Gecko) Chrome/57.0.2987.133 Safari/537.36',
  'content-type' => 'application/x-www-form-urlencoded',
  'accept' => 'text/html,application/xhtml+xml,application/xml;q=0.9,image/webp,*/*;q=0.8',
  'referer' => 'http://localhost/cms/admin.php/flink/index.html',
  'accept-encoding' => 'gzip, deflate, br',
  'accept-language' => 'zh-CN,zh;q=0.8,en;q=0.6,ja;q=0.4',
  'cookie' => 'PHPSESSID=214773bd9de26e6ff350a469f60cc227',
)
[ info ] [ PARAM ] array (
  'id' => 
  array (
    0 => '2',
  ),
  'listorder' => 
  array (
    2 => '0',
    1 => '0',
  ),
)
[ info ] [ SESSION ] INIT array (
  'id' => '',
  'var_session_id' => '',
  'prefix' => 'think',
  'type' => '',
  'auto_start' => true,
)
[ info ] [ DB ] INIT mysql
[ info ] [ RUN ] app\admin\controller\Flink->status[ /Users/mac/Documents/mamp/cms/application/admin/controller/Flink.php ]
[ info ] [ DB ] INIT mysql
[ info ] [ DB ] INIT mysql
[ info ] [ CACHE ] INIT File
[ info ] [ VIEW ] /Users/mac/Documents/mamp/cms/thinkphp/tpl/dispatch_jump.tpl [ array (
  0 => 'code',
  1 => 'msg',
  2 => 'data',
  3 => 'url',
  4 => 'wait',
) ]
[ info ] [ LOG ] INIT File

---------------------------------------------------------------
[ 2017-05-29T18:56:14+08:00 ] ::1 ::1 GET /cms/admin.php/flink/index.html
[ log ] localhost/cms/admin.php/flink/index.html [运行时间：0.060360s][吞吐率：16.57req/s] [内存消耗：2,201.59kb] [文件加载：44]
[ info ] [ LANG ] /Users/mac/Documents/mamp/cms/thinkphp/lang/zh-cn.php
[ info ] [ BIND ] 'admin'
[ info ] [ ROUTE ] array (
  'type' => 'module',
  'module' => 
  array (
    0 => 'admin',
    1 => 'flink',
    2 => 'index',
  ),
)
[ info ] [ HEADER ] array (
  'host' => 'localhost',
  'connection' => 'keep-alive',
  'upgrade-insecure-requests' => '1',
  'user-agent' => 'Mozilla/5.0 (Macintosh; Intel Mac OS X 10_12_2) AppleWebKit/537.36 (KHTML, like Gecko) Chrome/57.0.2987.133 Safari/537.36',
  'accept' => 'text/html,application/xhtml+xml,application/xml;q=0.9,image/webp,*/*;q=0.8',
  'referer' => 'http://localhost/cms/admin.php/flink/status.html',
  'accept-encoding' => 'gzip, deflate, sdch, br',
  'accept-language' => 'zh-CN,zh;q=0.8,en;q=0.6,ja;q=0.4',
  'cookie' => 'PHPSESSID=214773bd9de26e6ff350a469f60cc227',
)
[ info ] [ PARAM ] array (
)
[ info ] [ SESSION ] INIT array (
  'id' => '',
  'var_session_id' => '',
  'prefix' => 'think',
  'type' => '',
  'auto_start' => true,
)
[ info ] [ DB ] INIT mysql
[ info ] [ RUN ] app\admin\controller\Flink->index[ /Users/mac/Documents/mamp/cms/application/admin/controller/Flink.php ]
[ info ] [ DB ] INIT mysql
[ info ] [ VIEW ] /Users/mac/Documents/mamp/cms/application/admin/view/flink/index.html [ array (
  0 => 'flink_list',
  1 => 'page',
) ]
[ info ] [ LOG ] INIT File

---------------------------------------------------------------
