[ 2017-05-31T07:48:52+08:00 ] ::1 ::1 GET /cms/api.php/code/index.html?
[ log ] localhost/cms/api.php/code/index.html? [运行时间：0.197657s][吞吐率：5.06req/s] [内存消耗：1,283.61kb] [文件加载：32]
[ info ] [ LANG ] /Users/mac/Documents/mamp/cms/thinkphp/lang/zh-cn.php
[ info ] [ BIND ] 'api'
[ info ] [ ROUTE ] array (
  'type' => 'module',
  'module' => 
  array (
    0 => 'api',
    1 => 'code',
    2 => 'index',
  ),
)
[ info ] [ HEADER ] array (
  'host' => 'localhost',
  'connection' => 'keep-alive',
  'user-agent' => 'Mozilla/5.0 (Macintosh; Intel Mac OS X 10_12_2) AppleWebKit/537.36 (KHTML, like Gecko) Chrome/57.0.2987.133 Safari/537.36',
  'accept' => 'image/webp,image/*,*/*;q=0.8',
  'referer' => 'http://localhost/cms/admin.php/login/index.html',
  'accept-encoding' => 'gzip, deflate, sdch, br',
  'accept-language' => 'zh-CN,zh;q=0.8,en;q=0.6,ja;q=0.4',
  'cookie' => 'PHPSESSID=214773bd9de26e6ff350a469f60cc227',
)
[ info ] [ PARAM ] array (
)
[ info ] [ RUN ] app\api\controller\Code->index[ /Users/mac/Documents/mamp/cms/application/api/controller/Code.php ]
[ info ] [ SESSION ] INIT array (
  'id' => '',
  'var_session_id' => '',
  'prefix' => 'think',
  'type' => '',
  'auto_start' => true,
)
[ info ] [ LOG ] INIT File

---------------------------------------------------------------
[ 2017-05-31T07:49:02+08:00 ] ::1 ::1 POST /cms/admin.php/login/check.html
[ log ] localhost/cms/admin.php/login/check.html [运行时间：0.342395s][吞吐率：2.92req/s] [内存消耗：2,255.81kb] [文件加载：44]
[ info ] [ LANG ] /Users/mac/Documents/mamp/cms/thinkphp/lang/zh-cn.php
[ info ] [ BIND ] 'admin'
[ info ] [ ROUTE ] array (
  'type' => 'module',
  'module' => 
  array (
    0 => 'admin',
    1 => 'login',
    2 => 'check',
  ),
)
[ info ] [ HEADER ] array (
  'host' => 'localhost',
  'connection' => 'keep-alive',
  'content-length' => '39',
  'cache-control' => 'max-age=0',
  'origin' => 'http://localhost',
  'upgrade-insecure-requests' => '1',
  'user-agent' => 'Mozilla/5.0 (Macintosh; Intel Mac OS X 10_12_2) AppleWebKit/537.36 (KHTML, like Gecko) Chrome/57.0.2987.133 Safari/537.36',
  'content-type' => 'application/x-www-form-urlencoded',
  'accept' => 'text/html,application/xhtml+xml,application/xml;q=0.9,image/webp,*/*;q=0.8',
  'referer' => 'http://localhost/cms/admin.php/login/index.html',
  'accept-encoding' => 'gzip, deflate, br',
  'accept-language' => 'zh-CN,zh;q=0.8,en;q=0.6,ja;q=0.4',
  'cookie' => 'PHPSESSID=214773bd9de26e6ff350a469f60cc227',
)
[ info ] [ PARAM ] array (
  'username' => 'admin',
  'password' => 'admin',
  'code' => 'n6vd',
)
[ info ] [ RUN ] app\admin\controller\Login->check[ /Users/mac/Documents/mamp/cms/application/admin/controller/Login.php ]
[ info ] [ SESSION ] INIT array (
  'id' => '',
  'var_session_id' => '',
  'prefix' => 'think',
  'type' => '',
  'auto_start' => true,
)
[ info ] [ DB ] INIT mysql
[ info ] [ DB ] INIT mysql
[ info ] [ VIEW ] /Users/mac/Documents/mamp/cms/thinkphp/tpl/dispatch_jump.tpl [ array (
  0 => 'code',
  1 => 'msg',
  2 => 'data',
  3 => 'url',
  4 => 'wait',
) ]
[ info ] [ LOG ] INIT File

---------------------------------------------------------------
[ 2017-05-31T07:49:03+08:00 ] ::1 ::1 GET /cms/admin.php/index/index.html
[ log ] localhost/cms/admin.php/index/index.html [运行时间：0.079152s][吞吐率：12.63req/s] [内存消耗：2,043.06kb] [文件加载：41]
[ info ] [ LANG ] /Users/mac/Documents/mamp/cms/thinkphp/lang/zh-cn.php
[ info ] [ BIND ] 'admin'
[ info ] [ ROUTE ] array (
  'type' => 'module',
  'module' => 
  array (
    0 => 'admin',
    1 => 'index',
    2 => 'index',
  ),
)
[ info ] [ HEADER ] array (
  'host' => 'localhost',
  'connection' => 'keep-alive',
  'upgrade-insecure-requests' => '1',
  'user-agent' => 'Mozilla/5.0 (Macintosh; Intel Mac OS X 10_12_2) AppleWebKit/537.36 (KHTML, like Gecko) Chrome/57.0.2987.133 Safari/537.36',
  'accept' => 'text/html,application/xhtml+xml,application/xml;q=0.9,image/webp,*/*;q=0.8',
  'referer' => 'http://localhost/cms/admin.php/login/check.html',
  'accept-encoding' => 'gzip, deflate, sdch, br',
  'accept-language' => 'zh-CN,zh;q=0.8,en;q=0.6,ja;q=0.4',
  'cookie' => 'PHPSESSID=214773bd9de26e6ff350a469f60cc227',
)
[ info ] [ PARAM ] array (
)
[ info ] [ SESSION ] INIT array (
  'id' => '',
  'var_session_id' => '',
  'prefix' => 'think',
  'type' => '',
  'auto_start' => true,
)
[ info ] [ DB ] INIT mysql
[ info ] [ RUN ] app\admin\controller\Index->index[ /Users/mac/Documents/mamp/cms/application/admin/controller/Index.php ]
[ info ] [ DB ] INIT mysql
[ info ] [ VIEW ] /Users/mac/Documents/mamp/cms/application/admin/view/index/index.html [ array (
  0 => 'server_info',
) ]
[ info ] [ LOG ] INIT File

---------------------------------------------------------------
